gio 21:29: ########################################## 
gio 21:29: Compiling.
gio 21:29: ########################################## 

gio 21:29: MaxCompiler version: 2013.1.
gio 21:29: Build Simulation run rule for example start time: gio mag 16 21:29:52 CEST 2013.
gio 21:29: Project location: /home/emanuele.delsozzo/workspace 2/example.
gio 21:29: Detailed build log: /home/emanuele.delsozzo/workspace 2/example/RunRules/Simulation/build.log.

gio 21:29: Compiling Engine Code.
gio 21:29: Engine building skipped (no changes on .max files).
gio 21:30: Compiling CPU Code.
gio 21:30: Run CPU project make files updating
gio 21:30: Executing command:
gio 21:30: java -jar /opt/maxeler/maxcompiler/lib/MaxIDE/projectAdmin.jar -u /home/emanuele.delsozzo/workspace 2/example Simulation 
gio 21:30: Command output:

gio 21:30: MaxCompiler Project Admin Tool Version 2013.1.0
gio 21:30:  Copyright Maxeler Technologies 2010 - 2013. All rights reserved.
gio 21:30: Updating RunRule dependant Makefiles for RunRule 'Simulation'
gio 21:30: Found makefiles: 1
gio 21:30: 	Updated: Simulation
gio 21:30: Run CPU make.
gio 21:30: make RUNRULE=Simulation 
gio 21:30: Command output:
gio 21:30: make -f Makefile ../RunRules/Simulation/binaries/CpuStream
gio 21:30: make[1]: Entering directory `/home/emanuele.delsozzo/workspace 2/example/CPUCode'
gio 21:30: cc -g -O3 -Wall -Wextra -fmessage-length=0 -I ../RunRules/Simulation/include -I. -I/opt/maxeler/maxcompiler/lib/maxeleros-sim/include -I/opt/maxeler/maxcompiler/include/slic -D_XOPEN_SOURCE=600  -std=c99 -DBUILDNAME_MAXFILE_1=CpuStream -DMAXFILE_1="CpuStream.max"  -o "../RunRules/Simulation/objects/CpuStreamCpuCode.o" -c "CpuStreamCpuCode.c"
gio 21:30: CpuStreamCpuCode.c: In function ‘main’:
gio 21:30: CpuStreamCpuCode.c:72: warning: pointer targets in passing argument 4 of ‘CpuStream’ differ in signedness
gio 21:30: CpuStreamCpuCode.c:72: warning: pointer targets in passing argument 5 of ‘CpuStream’ differ in signedness
gio 21:30: cc -g -O3 -Wall -Wextra -fmessage-length=0 -I ../RunRules/Simulation/include -I. -I/opt/maxeler/maxcompiler/lib/maxeleros-sim/include -I/opt/maxeler/maxcompiler/include/slic -D_XOPEN_SOURCE=600  -std=c99 -DBUILDNAME_MAXFILE_1=CpuStream -DMAXFILE_1="CpuStream.max"  -MM -MP -MT "../RunRules/Simulation/objects/CpuStreamCpuCode.o" "CpuStreamCpuCode.c" > "../RunRules/Simulation/objects/CpuStreamCpuCode.d"
gio 21:30: cc ../RunRules/Simulation/objects/CpuStreamCpuCode.o ../RunRules/Simulation/objects/slic_CpuStream.o  -L/opt/maxeler/maxcompiler/lib -L/opt/maxeler/maxcompiler/lib/maxeleros-sim/lib -lslic -lmaxeleros -lm -lpthread  -o "../RunRules/Simulation/binaries/CpuStream"
gio 21:30: make[1]: Leaving directory `/home/emanuele.delsozzo/workspace 2/example/CPUCode'
gio 21:30: Build completed: gio mag 16 21:30:29 CEST 2013


gio 21:30: ########################################## 
gio 21:30: Running
gio 21:30: ########################################## 
gio 21:30: Executing command:
gio 21:30: '/home/emanuele.delsozzo/workspace 2/example/RunRules/Simulation/binaries/CpuStream' 
gio 21:30: Command output:
gio 21:30: 0 0 0 0 0 0 0 0 0 0 
gio 21:30: 0 0 0 0 0 0 0 0 0 0 
gio 21:30: 0 0 0 0 0 0 0 0 0 0 
gio 21:30: 0 0 0 0 0 0 0 0 0 0 
gio 21:30: 0 0 0 0 0 0 0 0 0 0 
gio 21:30: 0 0 0 0 0 0 0 0 0 0 
gio 21:30: 0 0 0 0 0 0 0 0 0 0 
gio 21:30: 0 0 0 0 0 0 0 0 0 0 
gio 21:30: 0 0 0 0 0 0 0 0 0 0 
gio 21:30: 0 0 0 0 0 0 0 0 0 0 

gio 21:30: 0 0 0 0 0 0 0 0 0 0 
gio 21:30: 0 672 678 684 690 696 702 708 714 0 
gio 21:30: 0 732 738 744 750 756 762 768 774 0 
gio 21:30: 0 792 798 804 810 816 822 828 834 0 
gio 21:30: 0 852 858 864 870 876 882 888 894 0 
gio 21:30: 0 912 918 924 930 936 942 948 954 0 
gio 21:30: 0 972 978 984 990 996 1002 1008 1014 0 
gio 21:30: 0 1032 1038 1044 1050 1056 1062 1068 1074 0 
gio 21:30: 0 1092 1098 1104 1110 1116 1122 1128 1134 0 
gio 21:30: 0 0 0 0 0 0 0 0 0 0 

gio 21:30: 0 0 0 0 0 0 0 0 0 0 
gio 21:30: 0 1272 1278 1284 1290 1296 1302 1308 1314 0 
gio 21:30: 0 1332 1338 1344 1350 1356 1362 1368 1374 0 
gio 21:30: 0 1392 1398 1404 1410 1416 1422 1428 1434 0 
gio 21:30: 0 1452 1458 1464 1470 1476 1482 1488 1494 0 
gio 21:30: 0 1512 1518 1524 1530 1536 1542 1548 1554 0 
gio 21:30: 0 1572 1578 1584 1590 1596 1602 1608 1614 0 
gio 21:30: 0 1632 1638 1644 1650 1656 1662 1668 1674 0 
gio 21:30: 0 1692 1698 1704 1710 1716 1722 1728 1734 0 
gio 21:30: 0 0 0 0 0 0 0 0 0 0 

gio 21:30: 0 0 0 0 0 0 0 0 0 0 
gio 21:30: 0 1872 1878 1884 1890 1896 1902 1908 1914 0 
gio 21:30: 0 1932 1938 1944 1950 1956 1962 1968 1974 0 
gio 21:30: 0 1992 1998 2004 2010 2016 2022 2028 2034 0 
gio 21:30: 0 2052 2058 2064 2070 2076 2082 2088 2094 0 
gio 21:30: 0 2112 2118 2124 2130 2136 2142 2148 2154 0 
gio 21:30: 0 2172 2178 2184 2190 2196 2202 2208 2214 0 
gio 21:30: 0 2232 2238 2244 2250 2256 2262 2268 2274 0 
gio 21:30: 0 2292 2298 2304 2310 2316 2322 2328 2334 0 
gio 21:30: 0 0 0 0 0 0 0 0 0 0 

gio 21:30: 0 0 0 0 0 0 0 0 0 0 
gio 21:30: 0 2472 2478 2484 2490 2496 2502 2508 2514 0 
gio 21:30: 0 2532 2538 2544 2550 2556 2562 2568 2574 0 
gio 21:30: 0 2592 2598 2604 2610 2616 2622 2628 2634 0 
gio 21:30: 0 2652 2658 2664 2670 2676 2682 2688 2694 0 
gio 21:30: 0 2712 2718 2724 2730 2736 2742 2748 2754 0 
gio 21:30: 0 2772 2778 2784 2790 2796 2802 2808 2814 0 
gio 21:30: 0 2832 2838 2844 2850 2856 2862 2868 2874 0 
gio 21:30: 0 2892 2898 2904 2910 2916 2922 2928 2934 0 
gio 21:30: 0 0 0 0 0 0 0 0 0 0 

gio 21:30: 0 0 0 0 0 0 0 0 0 0 
gio 21:30: 0 3072 3078 3084 3090 3096 3102 3108 3114 0 
gio 21:30: 0 3132 3138 3144 3150 3156 3162 3168 3174 0 
gio 21:30: 0 3192 3198 3204 3210 3216 3222 3228 3234 0 
gio 21:30: 0 3252 3258 3264 3270 3276 3282 3288 3294 0 
gio 21:30: 0 3312 3318 3324 3330 3336 3342 3348 3354 0 
gio 21:30: 0 3372 3378 3384 3390 3396 3402 3408 3414 0 
gio 21:30: 0 3432 3438 3444 3450 3456 3462 3468 3474 0 
gio 21:30: 0 3492 3498 3504 3510 3516 3522 3528 3534 0 
gio 21:30: 0 0 0 0 0 0 0 0 0 0 

gio 21:30: 0 0 0 0 0 0 0 0 0 0 
gio 21:30: 0 3672 3678 3684 3690 3696 3702 3708 3714 0 
gio 21:30: 0 3732 3738 3744 3750 3756 3762 3768 3774 0 
gio 21:30: 0 3792 3798 3804 3810 3816 3822 3828 3834 0 
gio 21:30: 0 3852 3858 3864 3870 3876 3882 3888 3894 0 
gio 21:30: 0 3912 3918 3924 3930 3936 3942 3948 3954 0 
gio 21:30: 0 3972 3978 3984 3990 3996 4002 4008 4014 0 
gio 21:30: 0 4032 4038 4044 4050 4056 4062 4068 4074 0 
gio 21:30: 0 4092 4098 4104 4110 4116 4122 4128 4134 0 
gio 21:30: 0 0 0 0 0 0 0 0 0 0 

gio 21:30: 0 0 0 0 0 0 0 0 0 0 
gio 21:30: 0 4272 4278 4284 4290 4296 4302 4308 4314 0 
gio 21:30: 0 4332 4338 4344 4350 4356 4362 4368 4374 0 
gio 21:30: 0 4392 4398 4404 4410 4416 4422 4428 4434 0 
gio 21:30: 0 4452 4458 4464 4470 4476 4482 4488 4494 0 
gio 21:30: 0 4512 4518 4524 4530 4536 4542 4548 4554 0 
gio 21:30: 0 4572 4578 4584 4590 4596 4602 4608 4614 0 
gio 21:30: 0 4632 4638 4644 4650 4656 4662 4668 4674 0 
gio 21:30: 0 4692 4698 4704 4710 4716 4722 4728 4734 0 
gio 21:30: 0 0 0 0 0 0 0 0 0 0 

gio 21:30: 0 0 0 0 0 0 0 0 0 0 
gio 21:30: 0 4872 4878 4884 4890 4896 4902 4908 4914 0 
gio 21:30: 0 4932 4938 4944 4950 4956 4962 4968 4974 0 
gio 21:30: 0 4992 4998 5004 5010 5016 5022 5028 5034 0 
gio 21:30: 0 5052 5058 5064 5070 5076 5082 5088 5094 0 
gio 21:30: 0 5112 5118 5124 5130 5136 5142 5148 5154 0 
gio 21:30: 0 5172 5178 5184 5190 5196 5202 5208 5214 0 
gio 21:30: 0 5232 5238 5244 5250 5256 5262 5268 5274 0 
gio 21:30: 0 5292 5298 5304 5310 5316 5322 5328 5334 0 
gio 21:30: 0 0 0 0 0 0 0 0 0 0 

gio 21:30: 0 0 0 0 0 0 1044438072 59 0 0 
gio 21:30: 1046598928 59 1124078780 59 1044412160 59 0 0 0 0 
gio 21:30: 0 0 0 0 0 0 0 0 0 0 
gio 21:30: 0 0 0 0 0 1 0 0 0 0 
gio 21:30: 0 0 0 0 0 0 0 0 0 0 
gio 21:30: 0 0 0 0 0 0 0 0 0 0 
gio 21:30: 0 0 0 0 0 0 0 0 0 0 
gio 21:30: 0 0 0 0 1044438072 59 0 0 1046598928 59 
gio 21:30: 1048661375 59 1044412160 59 0 0 0 0 0 0 
gio 21:30: 0 0 0 0 0 0 0 0 0 0 


gio 21:30: Running DFE









































































gio 21:30: dati uguali
