Reading model section from scheduler.mod...
90 lines were read
Reading data section from CpuStreamKernel_scheduler_1_C.dat...
139 lines were read
Generating schedulingEquation...
Generating bufferingEquation...
Generating afterFlushNode...
Generating forcePairConstraints...
Generating autoVarLatencyUserMin...
Generating autoVarLatencyUserMax...
Generating fifos...
Model has been successfully generated
ipp_basic_tech:  1 row(s) and 1 column(s) removed
ipp_reduce_bnds: 1 pass(es) made, 0 bound(s) reduced
ipp_basic_tech:  0 row(s) and 0 column(s) removed
ipp_reduce_coef: 1 pass(es) made, 0 coefficient(s) reduced
lpx_intopt: presolved MIP has 39 rows, 27 columns, 96 non-zeros
lpx_intopt: 27 integer columns, none of which are binary
lpx_adv_basis: size of triangular part = 39
Solving LP relaxation...
      0:   objval =  -9.700000000e+01   infeas =   1.000000000e+00 (0)
     23:   objval =   5.120000000e+02   infeas =   0.000000000e+00 (0)
*    23:   objval =   5.120000000e+02   infeas =   0.000000000e+00 (0)
*    28:   objval =   2.880000000e+02   infeas =   0.000000000e+00 (0)
OPTIMAL SOLUTION FOUND
Integer optimization begins...
+    28: mip =     not found yet >=              -inf        (1; 0)
+    28: >>>>>   2.880000000e+02 >=   2.880000000e+02   0.0% (1; 0)
+    28: mip =   2.880000000e+02 >=     tree is empty   0.0% (0; 1)
INTEGER OPTIMAL SOLUTION FOUND
Time used:   0.0 secs
Memory used: 0.2 Mb (239414 bytes)
Model has been successfully processed
