Reading model section from scheduler.mod...
90 lines were read
Reading data section from cpu_mainKernel_scheduler_2_C.dat...
569 lines were read
Generating schedulingEquation...
Generating bufferingEquation...
Generating afterFlushNode...
Generating forcePairConstraints...
Generating autoVarLatencyUserMin...
Generating autoVarLatencyUserMax...
Generating fifos...
Model has been successfully generated
ipp_basic_tech:  1 row(s) and 1 column(s) removed
ipp_reduce_bnds: 1 pass(es) made, 0 bound(s) reduced
ipp_basic_tech:  0 row(s) and 0 column(s) removed
ipp_reduce_coef: 1 pass(es) made, 0 coefficient(s) reduced
lpx_intopt: presolved MIP has 244 rows, 177 columns, 607 non-zeros
lpx_intopt: 177 integer columns, none of which are binary
lpx_adv_basis: size of triangular part = 244
Solving LP relaxation...
      0:   objval =  -1.753700000e+04   infeas =   1.000000000e+00 (0)
    190:   objval =   1.345584000e+06   infeas =   0.000000000e+00 (0)
*   190:   objval =   1.345584000e+06   infeas =   0.000000000e+00 (0)
*   200:   objval =   1.294064000e+06   infeas =   0.000000000e+00 (0)
*   222:   objval =   3.381120000e+05   infeas =   0.000000000e+00 (0)
OPTIMAL SOLUTION FOUND
Integer optimization begins...
+   222: mip =     not found yet >=              -inf        (1; 0)
+   222: >>>>>   3.381120000e+05 >=   3.381120000e+05   0.0% (1; 0)
+   222: mip =   3.381120000e+05 >=     tree is empty   0.0% (0; 1)
INTEGER OPTIMAL SOLUTION FOUND
Time used:   0.0 secs
Memory used: 0.8 Mb (811085 bytes)
Model has been successfully processed
