Reading model section from scheduler.mod...
90 lines were read
Reading data section from MemStreamKernel_scheduler_2_C.dat...
95 lines were read
Generating schedulingEquation...
Generating bufferingEquation...
Generating afterFlushNode...
Generating forcePairConstraints...
Generating autoVarLatencyUserMin...
Generating autoVarLatencyUserMax...
Generating fifos...
Model has been successfully generated
ipp_basic_tech:  1 row(s) and 1 column(s) removed
ipp_reduce_bnds: 1 pass(es) made, 0 bound(s) reduced
ipp_basic_tech:  0 row(s) and 0 column(s) removed
ipp_reduce_coef: 1 pass(es) made, 0 coefficient(s) reduced
lpx_intopt: presolved MIP has 16 rows, 13 columns, 38 non-zeros
lpx_intopt: 13 integer columns, none of which are binary
lpx_adv_basis: size of triangular part = 16
Solving LP relaxation...
      0:   objval =  -3.530000000e+02   infeas =   1.000000000e+00 (0)
      9:   objval =   1.920000000e+02   infeas =   0.000000000e+00 (0)
*     9:   objval =   1.920000000e+02   infeas =   0.000000000e+00 (0)
*    12:   objval =   1.920000000e+02   infeas =   0.000000000e+00 (0)
OPTIMAL SOLUTION FOUND
Integer optimization begins...
+    12: mip =     not found yet >=              -inf        (1; 0)
+    12: >>>>>   1.920000000e+02 >=   1.920000000e+02   0.0% (1; 0)
+    12: mip =   1.920000000e+02 >=     tree is empty   0.0% (0; 1)
INTEGER OPTIMAL SOLUTION FOUND
Time used:   0.0 secs
Memory used: 0.2 Mb (205022 bytes)
Model has been successfully processed
