Reading model section from scheduler.mod...
90 lines were read
Reading data section from linearKernel_scheduler_2_C.dat...
692 lines were read
Generating schedulingEquation...
Generating bufferingEquation...
Generating afterFlushNode...
Generating forcePairConstraints...
Generating autoVarLatencyUserMin...
Generating autoVarLatencyUserMax...
Generating fifos...
Model has been successfully generated
ipp_basic_tech:  1 row(s) and 2 column(s) removed
ipp_reduce_bnds: 1 pass(es) made, 0 bound(s) reduced
ipp_basic_tech:  0 row(s) and 0 column(s) removed
ipp_reduce_coef: 1 pass(es) made, 0 coefficient(s) reduced
lpx_intopt: presolved MIP has 298 rows, 222 columns, 740 non-zeros
lpx_intopt: 222 integer columns, none of which are binary
lpx_adv_basis: size of triangular part = 298
Solving LP relaxation...
      0:   objval =  -1.427300000e+04   infeas =   1.000000000e+00 (0)
    200:   objval =   4.036000000e+04   infeas =   3.797468354e-02 (0)
    207:   objval =   6.687500000e+04   infeas =   0.000000000e+00 (0)
*   207:   objval =   6.687500000e+04   infeas =   0.000000000e+00 (0)
*   262:   objval =   1.057100000e+04   infeas =   0.000000000e+00 (0)
OPTIMAL SOLUTION FOUND
Integer optimization begins...
+   262: mip =     not found yet >=              -inf        (1; 0)
+   262: >>>>>   1.057100000e+04 >=   1.057100000e+04   0.0% (1; 0)
+   262: mip =   1.057100000e+04 >=     tree is empty   0.0% (0; 1)
INTEGER OPTIMAL SOLUTION FOUND
Time used:   0.0 secs
Memory used: 1.0 Mb (1010739 bytes)
Model has been successfully processed
