gio 19:09: ########################################## 
gio 19:09: Compiling.
gio 19:09: ########################################## 

gio 19:09: MaxCompiler version: 2013.1.
gio 19:09: Build DFE run rule for RTM_3 start time: gio giu 13 19:09:00 CEST 2013.
gio 19:09: Project location: /home/emanuele.delsozzo/repo/MaxelerRTM/RTM_3.
gio 19:09: Detailed build log: /home/emanuele.delsozzo/repo/MaxelerRTM/RTM_3/RunRules/DFE/build.log.

gio 19:09: Compiling Engine Code.
gio 19:09: Building CpuMain.max file. 
gio 19:09: Setting environment variable:
gio 19:09: MAXCOMPILER_BUILD_DIR : /home/emanuele.delsozzo/repo/MaxelerRTM/RTM_3/RunRules/DFE/maxfiles
gio 19:09: MAX_BUILDPARAMS : DFEModel='VECTIS' target='DFE' maxFileName='CpuMain'  
gio 19:09: Building output:
gio 19:09: MaxCompiler version: 2013.1
gio 19:09: Build "CpuMain" start time: Thu Jun 13 19:09:03 CEST 2013
gio 19:09: Main build process running as user emanuele.delsozzo on host maxeler
gio 19:09: Build location: /home/emanuele.delsozzo/repo/MaxelerRTM/RTM_3/RunRules/DFE/maxfiles/CpuMain_VECTIS_DFE
gio 19:09: Detailed build log available in "_build.log"
gio 19:09: Instantiating manager
gio 19:09: Instantiating kernel "linearKernel"
gio 19:09: Compiling manager (Configurable)
gio 19:09: 
gio 19:09: Compiling kernel "linearKernel"
gio 19:09: WARNING: The license for ISE CANNOT be checked out
gio 19:09: WARNING: Unable to check out license for 'ISE' in attempt 1/10
gio 19:09: WARNING: The license for ISE CANNOT be checked out
gio 19:09: WARNING: Unable to check out license for 'ISE' in attempt 2/10
gio 19:09: WARNING: The license for ISE CANNOT be checked out
gio 19:09: WARNING: Unable to check out license for 'ISE' in attempt 3/10
gio 19:09: WARNING: The license for ISE CANNOT be checked out
gio 19:09: WARNING: Unable to check out license for 'ISE' in attempt 4/10
gio 19:09: WARNING: The license for ISE CANNOT be checked out
gio 19:09: WARNING: Unable to check out license for 'ISE' in attempt 5/10
gio 19:09: WARNING: The license for ISE CANNOT be checked out
gio 19:09: WARNING: Unable to check out license for 'ISE' in attempt 6/10
gio 19:09: WARNING: The license for ISE CANNOT be checked out
gio 19:09: WARNING: Unable to check out license for 'ISE' in attempt 7/10
gio 19:09: WARNING: The license for ISE CANNOT be checked out
gio 19:09: WARNING: Unable to check out license for 'ISE' in attempt 8/10
gio 19:09: WARNING: The license for ISE CANNOT be checked out
gio 19:09: WARNING: Unable to check out license for 'ISE' in attempt 9/10
gio 19:09: WARNING: The license for ISE CANNOT be checked out
gio 19:09: WARNING: Unable to check out license for 'ISE' in attempt 10/10
gio 19:09: WARNING: Please check the output of  lmutil lmdiag -n ISE
gio 19:09: WARNING: The following environment variables may be involved in this issue:
gio 19:09: WARNING:  - XILINXD_LICENSE_FILE is not set
gio 19:09: WARNING:  - LM_LICENSE_FILE=2100@ipeca-home
gio 19:09: ERROR: ----------------------------
gio 19:09: ERROR: Exception in thread "main":
gio 19:09: ERROR:  
gio 19:09: ERROR:   Error in MaxDC pass processing node created via:
gio 19:09: ERROR:   com.maxeler.maxcompiler.v2.managers.DFEManager.build(DFEManager.java:314)
gio 19:09: ERROR:   cpuMain.CpuMainManager.main(CpuMainManager.maxj:70)
gio 19:09: ERROR:   
gio 19:09: ERROR:   -> (WARNING: unlogged MaxelerException) 
gio 19:09: ERROR:   com.maxeler.licensing.external_tools.LicenseError: Licenses cannot be checked 
gio 19:09: ERROR:   out for ISE
gio 19:09: ERROR: 
gio 19:09: ERROR: Exception Stack Trace com.maxeler.photon.core.PhotonException: 
gio 19:09: ERROR:    at com.maxeler.licensing.external_tools.CheckXilinxLicenses.check(CheckXilinxLicenses.java:115)
gio 19:09: ERROR:    at com.maxeler.licensing.external_tools.CheckXilinxLicenses.check(CheckXilinxLicenses.java:59)
gio 19:09: ERROR:    at com.maxeler.maxdc.xilinx.coregen.CoregenComponent.<init>(CoregenComponent.java:43)
gio 19:09: ERROR:    at com.maxeler.maxdc.xilinx.coregen.CGBlockMem.<init>(CGBlockMem.java:158)
gio 19:09: ERROR:    at com.maxeler.maxdc.xilinx.coregen.CGBlockMem_42.<init>(CGBlockMem_42.java:30)
gio 19:09: ERROR:    at com.maxeler.maxdc.xilinx.coregen.CGBlockMem.make(CGBlockMem.java:65)
gio 19:09: ERROR:    at com.maxeler.photon.hw.xilinx.CGBlockRAMDelay.<init>(CGBlockRAMDelay.java:111)
gio 19:09: ERROR:    at com.maxeler.photon.hw.xilinx.CGBlockRAMDelayFactory.makeBlockRAMDelay(CGBlockRAMDelayFactory.java:33)
gio 19:09: ERROR:    at com.maxeler.photon.hw.MultiStageDelay.makeBRAMDelay(MultiStageDelay.java:621)
gio 19:09: ERROR:    at com.maxeler.photon.hw.MultiStageDelay.makeAllDelays(MultiStageDelay.java:548)
gio 19:09: ERROR:    at com.maxeler.photon.hw.MultiStageDelay.<init>(MultiStageDelay.java:668)
gio 19:09: ERROR:    at com.maxeler.photon.nodes.NodeFIFO.makeStatic(NodeFIFO.java:277)
gio 19:09: ERROR:    at com.maxeler.photon.nodes.NodeFIFO.make(NodeFIFO.java:194)
gio 19:09: ERROR:    at com.maxeler.photon.graph_passes.maxdc_gen.PhotonMaxDCEntity.instantiateNode(PhotonMaxDCEntity.java:1208)
gio 19:09: ERROR:    at com.maxeler.photon.graph_passes.maxdc_gen.PhotonMaxDCEntity.makeNode(PhotonMaxDCEntity.java:1519)
gio 19:09: ERROR:    at com.maxeler.photon.graph_passes.maxdc_gen.PhotonMaxDCTopEntity.processNode(PhotonMaxDCTopEntity.java:253)
gio 19:09: ERROR:    at com.maxeler.photon.core.GraphPassRunner.run(GraphPassRunner.java:431)
gio 19:09: ERROR:    at com.maxeler.photon.core.GraphPassRunner.run(GraphPassRunner.java:488)
gio 19:09: ERROR:    at com.maxeler.photon.core.PhotonCompileManager.runGraphPass(PhotonCompileManager.java:165)
gio 19:09: ERROR:    at com.maxeler.photon.compile_managers.MaxDCCompileManager.buildPhotonSBA(MaxDCCompileManager.java:114)
gio 19:09: ERROR:    at com.maxeler.maxeleros.managercompiler.nodes.WrapperNodePhoton.build(WrapperNodePhoton.java:439)
gio 19:09: ERROR:    at com.maxeler.maxeleros.managercompiler.core.WrapperDesignEntity.<init>(WrapperDesignEntity.java:81)
gio 19:09: ERROR:    at com.maxeler.maxeleros.managercompiler.core.WrapperCompileManager.build(WrapperCompileManager.java:280)
gio 19:09: ERROR:    at com.maxeler.maxcompiler.v2.managers.custom.CustomManager.buildInternal(CustomManager.java:871)
gio 19:09: ERROR:    at com.maxeler.maxcompiler.v2.managers.custom.CustomManager.realBuild(CustomManager.java:1333)
gio 19:09: ERROR:    at com.maxeler.maxcompiler.v2.managers.DFEManager.build(DFEManager.java:314)
gio 19:09: ERROR:    at com.maxeler.maxcompiler.v2.managers.standard.Manager.makeFullManager(Manager.java:1063)
gio 19:09: ERROR:    at com.maxeler.maxcompiler.v2.managers.standard.Manager.realBuild(Manager.java:432)
gio 19:09: ERROR:    at com.maxeler.maxcompiler.v2.managers.DFEManager.build(DFEManager.java:314)
gio 19:09: ERROR:    at cpuMain.CpuMainManager.main(CpuMainManager.maxj:70)
gio 19:09: ERROR: ----------------------------
gio 19:09: Building: CpuMain.max file finished.
gio 19:09: Build process failed while trying to create CpuMain.max file
gio 19:09: Engine build finished.Build failed: gio giu 13 19:09:16 CEST 2013


