Reading model section from scheduler.mod...
90 lines were read
Reading data section from TwoDAverageDynamicKernel_scheduler_1_C.dat...
214 lines were read
Generating schedulingEquation...
Generating bufferingEquation...
Generating afterFlushNode...
Generating forcePairConstraints...
Generating autoVarLatencyUserMin...
Generating autoVarLatencyUserMax...
Generating fifos...
Model has been successfully generated
ipp_basic_tech:  1 row(s) and 2 column(s) removed
ipp_reduce_bnds: 1 pass(es) made, 0 bound(s) reduced
ipp_basic_tech:  0 row(s) and 0 column(s) removed
ipp_reduce_coef: 1 pass(es) made, 0 coefficient(s) reduced
lpx_intopt: presolved MIP has 72 rows, 54 columns, 178 non-zeros
lpx_intopt: 54 integer columns, none of which are binary
lpx_adv_basis: size of triangular part = 72
Solving LP relaxation...
      0:   objval =  -3.979850000e+05   infeas =   1.000000000e+00 (0)
     58:   objval =   3.351520000e+05   infeas =   0.000000000e+00 (0)
*    58:   objval =   3.351520000e+05   infeas =   0.000000000e+00 (0)
*    66:   objval =   1.331200000e+05   infeas =   0.000000000e+00 (0)
OPTIMAL SOLUTION FOUND
Integer optimization begins...
+    66: mip =     not found yet >=              -inf        (1; 0)
+    66: >>>>>   1.331200000e+05 >=   1.331200000e+05   0.0% (1; 0)
+    66: mip =   1.331200000e+05 >=     tree is empty   0.0% (0; 1)
INTEGER OPTIMAL SOLUTION FOUND
Time used:   0.0 secs
Memory used: 0.4 Mb (382839 bytes)
Model has been successfully processed
