Fri 21:12: PROGRESS: MaxCompiler version: 2013.1
Fri 21:12: PROGRESS: Build "Queue" start time: Fri May 31 21:12:36 CEST 2013
Fri 21:12: PROGRESS: Main build process running as user enrico.deiana on host maxeler
Fri 21:12: INFO    : Loading build properties from bundled MaxCompiler_build.conf...
Fri 21:12: INFO    : Loading default build properties from /opt/maxeler/MaxCompiler_build.conf
Fri 21:12: INFO    : User build properties not found in file: /home/enrico.deiana/.MaxCompiler_build_user.conf
Fri 21:12: INFO    : No user-specified external build property file has been specified.
Fri 21:12: INFO    : (Set environment variable MAXCOMPILER_BUILD_CONF_FILE to assign one)
Fri 21:12: PROGRESS: Build location: /home/enrico.deiana/repo/MaxelerRTM/RTMQueue/RunRules/Simulation/maxfiles/Queue_VECTIS_DFE_SIM
Fri 21:12: PROGRESS: Detailed build log available in "_build.log"
Fri 21:12: INFO    : Created build manager Queue (Queue_VECTIS_DFE_SIM Fri May 31 21:12:36 CEST 2013). (21:12:37 31/05/13)
Fri 21:12: INFO    : Working in dir: /home/enrico.deiana/repo/MaxelerRTM/RTMQueue/RunRules/Simulation/maxfiles/Queue_VECTIS_DFE_SIM
Fri 21:12: INFO    : Java class path (2 paths):
Fri 21:12: INFO    : 	/home/enrico.deiana/repo/MaxelerRTM/RTMQueue/EngineCode/bin
Fri 21:12: INFO    : 	/opt/maxeler/maxcompiler/lib/MaxCompiler.jar
Fri 21:12: INFO    : Java process started by 'main' method in class 'queue.QueueManager'.
Fri 21:12: INFO    : build.arbitrated_core_cache parameter is blank, not using core-cache
Fri 21:12: INFO    : Checking license files in directory: /opt/maxeler/maxcompiler/licenses
Fri 21:12: INFO    : All license signatures valid.
Fri 21:12: INFO    : Backing-up source-files (old source files in build directory will be removed first)...
Fri 21:12: INFO    : Source directories: /home/enrico.deiana/repo/MaxelerRTM/RTMQueue/EngineCode/src:
Fri 21:12: INFO    : Deleting directory: src
Fri 21:12: PROGRESS: Instantiating manager
Fri 21:12: INFO    : Deleting /home/enrico.deiana/repo/MaxelerRTM/RTMQueue/RunRules/Simulation/maxfiles/Queue_VECTIS_DFE_SIM/scratch/QueueKernel.graphs
Fri 21:12: PROGRESS: Instantiating kernel "QueueKernel"
Fri 21:12: PROGRESS: Compiling manager (Configurable)
Fri 21:12: INFO    : Manager Configuration:
Fri 21:12: INFO    : 	ManagerConfiguration.allowNonMultipleTransitions = false                                                         [Init: false]
Fri 21:12: INFO    : 	ManagerConfiguration.board = MAX3424A                                                                            [Init: null, init: MAX3424A]
Fri 21:12: INFO    : 	ManagerConfiguration.build.buildEffort = MEDIUM                                                                  [Init: MEDIUM]
Fri 21:12: INFO    : 	ManagerConfiguration.build.enableChipScopeInserter = false                                                       [Init: false]
Fri 21:12: INFO    : 	ManagerConfiguration.build.enableTimingAnalysis = true                                                           [Init: true]
Fri 21:12: INFO    : 	ManagerConfiguration.build.level = FULL_BUILD                                                                    [Init: FULL_BUILD]
Fri 21:12: INFO    : 	ManagerConfiguration.build.mpprContinueAfterMeetingTiming = false                                                [Init: false]
Fri 21:12: INFO    : 	ManagerConfiguration.build.mpprCtMax = 1                                                                         [Init: 1]
Fri 21:12: INFO    : 	ManagerConfiguration.build.mpprCtMin = 1                                                                         [Init: 1]
Fri 21:12: INFO    : 	ManagerConfiguration.build.mpprParallelism = 1                                                                   [Init: 1]
Fri 21:12: INFO    : 	ManagerConfiguration.build.mpprRetryMissesThrshld = 0                                                            [Init: 0]
Fri 21:12: INFO    : 	ManagerConfiguration.build.optGoal = AREA                                                                        [Init: AREA]
Fri 21:12: INFO    : 	ManagerConfiguration.build.physSynthAsyncPipelining = AUTO                                                       [Init: AUTO]
Fri 21:12: INFO    : 	ManagerConfiguration.build.physSynthCombLogic = AUTO                                                             [Init: AUTO]
Fri 21:12: INFO    : 	ManagerConfiguration.build.physSynthCombLogicForArea = AUTO                                                      [Init: AUTO]
Fri 21:12: INFO    : 	ManagerConfiguration.build.physSynthEffort = AUTO                                                                [Init: AUTO]
Fri 21:12: INFO    : 	ManagerConfiguration.build.physSynthRegDuplication = AUTO                                                        [Init: AUTO]
Fri 21:12: INFO    : 	ManagerConfiguration.build.physSynthRetiming = AUTO                                                              [Init: AUTO]
Fri 21:12: INFO    : 	ManagerConfiguration.build.physicalSynthesis = false                                                             [Init: false]
Fri 21:12: INFO    : 	ManagerConfiguration.buildTarget = DFE_SIM                                                                       [Init: null, init: DFE_SIM]
Fri 21:12: INFO    : 	ManagerConfiguration.debug.chipscopeCaptureDepth = 4096                                                          [Init: 4096]
Fri 21:12: INFO    : 	ManagerConfiguration.debug.fifoUnderOverFlowRegs = false                                                         [Init: false]
Fri 21:12: INFO    : 	ManagerConfiguration.debug.memCtlDebugRegs = true                                                                [Init: true]
Fri 21:12: INFO    : 	ManagerConfiguration.debug.memCtlExtraDebugRegs = false                                                          [Init: false]
Fri 21:12: INFO    : 	ManagerConfiguration.debug.memMarginingSupport = false                                                           [Init: false]
Fri 21:12: INFO    : 	ManagerConfiguration.debug.memPhyDebugRegister = NONE                                                            [Init: NONE]
Fri 21:12: INFO    : 	ManagerConfiguration.debug.memPllLockDebugRegs = true                                                            [Init: true]
Fri 21:12: INFO    : 	ManagerConfiguration.debug.streamStatus = false                                                                  [Init: false]
Fri 21:12: INFO    : 	ManagerConfiguration.debug.streamStatusChecksums = false                                                         [Init: false]
Fri 21:12: INFO    : 	ManagerConfiguration.dram.addressGeneratorsInSlowClock = false                                                   [Init: false]
Fri 21:12: INFO    : 	ManagerConfiguration.dram.arbitrationMode = ROUND_ROBIN                                                          [Init: ROUND_ROBIN]
Fri 21:12: INFO    : 	ManagerConfiguration.dram.burstSize = 8                                                                          [Init: 8]
Fri 21:12: INFO    : 	ManagerConfiguration.dram.cmdFifoInReg = false                                                                   [Init: false]
Fri 21:12: INFO    : 	ManagerConfiguration.dram.cmdFifoLutRam = false                                                                  [Init: false]
Fri 21:12: INFO    : 	ManagerConfiguration.dram.cmdFifoRegInRam = true                                                                 [Init: true]
Fri 21:12: INFO    : 	ManagerConfiguration.dram.cmdFifoSize = 31                                                                       [Init: 31]
Fri 21:12: INFO    : 	ManagerConfiguration.dram.dataFifoDepth = 512                                                                    [Init: 512]
Fri 21:12: INFO    : 	ManagerConfiguration.dram.dataFifoLutRam = false                                                                 [Init: false]
Fri 21:12: INFO    : 	ManagerConfiguration.dram.dataFifoWidth = 792                                                                    [Init: 792]
Fri 21:12: INFO    : 	ManagerConfiguration.dram.eccMode = false                                                                        [Init: false]
Fri 21:12: INFO    : 	ManagerConfiguration.dram.fabricDataFifoReg = true                                                               [Init: true]
Fri 21:12: INFO    : 	ManagerConfiguration.dram.fabricRdDataFifoReg = false                                                            [Init: false]
Fri 21:12: INFO    : 	ManagerConfiguration.dram.flagSupport = false                                                                    [Init: false]
Fri 21:12: INFO    : 	ManagerConfiguration.dram.highPrioStream = false                                                                 [Init: false]
Fri 21:12: INFO    : 	ManagerConfiguration.dram.max2CompatMode = false                                                                 [Init: false]
Fri 21:12: INFO    : 	ManagerConfiguration.dram.max4m_MAIA_MCP_UseRefClk = false                                                       [Init: false]
Fri 21:12: INFO    : 	ManagerConfiguration.dram.max4qrateMode = false                                                                  [Init: false]
Fri 21:12: INFO    : 	ManagerConfiguration.dram.memCmdIncSize = 8                                                                      [Init: 8]
Fri 21:12: INFO    : 	ManagerConfiguration.dram.memCmdStartAddrSize = 32                                                               [Init: 32]
Fri 21:12: INFO    : 	ManagerConfiguration.dram.onCardMemFreq = 303.0                                                                  [Init: 0.0, change: 303.0]
Fri 21:12: INFO    : 	ManagerConfiguration.dram.parEccDebugStream = false                                                              [Init: false]
Fri 21:12: INFO    : 	ManagerConfiguration.dram.parityEccWidth = 0                                                                     [Init: 0]
Fri 21:12: INFO    : 	ManagerConfiguration.dram.parityMode = false                                                                     [Init: false]
Fri 21:12: INFO    : 	ManagerConfiguration.dram.perdqsPhaseDetect = false                                                              [Init: false]
Fri 21:12: INFO    : 	ManagerConfiguration.dram.performanceMode = true                                                                 [Init: true]
Fri 21:12: INFO    : 	ManagerConfiguration.enableMPCX = false                                                                          [Init: false, init: false]
Fri 21:12: INFO    : 	ManagerConfiguration.maxring.maxringConnections = []                                                             [Init: []]
Fri 21:12: INFO    : 	ManagerConfiguration.maxring.maxringNumLanes = {MAXRING_A=2, MAXRING_B=2, MAXRING_LITE_A=1, MAXRING_LITE_B=1}    [Init: {}]
Fri 21:12: INFO    : 	ManagerConfiguration.multiCycleMappedMemoryBus = false                                                           [Init: false]
Fri 21:12: INFO    : 	ManagerConfiguration.pcie.numPCIeLanes = 0                                                                       [Init: 0]
Fri 21:12: INFO    : 	ManagerConfiguration.pcie.pcieFastClock = false                                                                  [Init: false]
Fri 21:12: INFO    : 	ManagerConfiguration.pcie.streamFromHostMaxNum = 8                                                               [Init: 0, change: 8]
Fri 21:12: INFO    : 	ManagerConfiguration.pcie.streamToHostMaxNum = 8                                                                 [Init: 0, change: 8]
Fri 21:12: INFO    : 	ManagerConfiguration.persona.boardModel = MAX3424A                                                               [Init: null, change: MAX3424A]
Fri 21:12: INFO    : 	ManagerConfiguration.persona.ddr3Frq = 303.0                                                                     [Init: 400.0, change: 303.0]
Fri 21:12: INFO    : 	ManagerConfiguration.persona.ddr3Qmode = false                                                                   [Init: false]
Fri 21:12: INFO    : 	ManagerConfiguration.persona.disableMultiplePersona = false                                                      [Init: false]
Fri 21:12: INFO    : 	ManagerConfiguration.persona.dynamic_scaling = false                                                             [Init: false]
Fri 21:12: INFO    : 	ManagerConfiguration.persona.fastBuild = false                                                                   [Init: false]
Fri 21:12: INFO    : 	ManagerConfiguration.persona.maxRingLocal = false                                                                [Init: false]
Fri 21:12: INFO    : 	ManagerConfiguration.persona.maxRingOptical = false                                                              [Init: false]
Fri 21:12: INFO    : 	ManagerConfiguration.persona.mode = Off                                                                          [Init: Off]
Fri 21:12: INFO    : 	ManagerConfiguration.persona.panMaxRingA = false                                                                 [Init: false]
Fri 21:12: INFO    : 	ManagerConfiguration.persona.panMaxRingB = false                                                                 [Init: false]
Fri 21:12: INFO    : 	ManagerConfiguration.persona.personaInterfaceVersion = 1                                                         [Init: 1]
Fri 21:12: INFO    : 	ManagerConfiguration.persona.streamClks = 1                                                                      [Init: 1]
Fri 21:12: INFO    : 	ManagerConfiguration.persona.streamFrq = [100.0]                                                                 [Init: [150.0], change: [100.0]]
Fri 21:12: INFO    : 	ManagerConfiguration.persona.streamPs = [0]                                                                      [Init: [0]]
Fri 21:12: INFO    : 	ManagerConfiguration.persona.usePCIeGen1 = true                                                                  [Init: true]
Fri 21:12: INFO    : 	ManagerConfiguration.simulation.nativeFloatingPoint = false                                                      [Init: false]
Fri 21:12: INFO    : 	ManagerConfiguration.streamClockFrq = 100                                                                        [Init: 100]
Fri 21:12: INFO    : 
Fri 21:12: INFO    :  -- 
Fri 21:12: PROGRESS: 
Fri 21:12: PROGRESS: Compiling kernel "QueueKernel"
Fri 21:12: INFO    : Configuration:
Fri 21:12: INFO    : 	KernelConfiguration.allowDSPCascading = true                                                [Init: true]
Fri 21:12: INFO    : 	KernelConfiguration.allowInputsOutputsBeforeFlushNode = false                               [Init: false]
Fri 21:12: INFO    : 	KernelConfiguration.allowZeroLatencyNodeHold = false                                        [Init: false]
Fri 21:12: INFO    : 	KernelConfiguration.board = MAX3424A                                                        [Init: MAX2116B, change: MAX3424A]
Fri 21:12: INFO    : 	KernelConfiguration.bramBitsThreshold = 2080                                                [Init: 2080]
Fri 21:12: INFO    : 	KernelConfiguration.buildTarget = MAXCOMPILERSIM_HOST_DRIVEN                                [Init: NONE, change: MAXCOMPILERSIM_HOST_DRIVEN]
Fri 21:12: INFO    : 	KernelConfiguration.cePipelining = 2                                                        [Init: 2]
Fri 21:12: INFO    : 	KernelConfiguration.clockPhaseBalanceThreshold = 0.1                                        [Init: 0.1]
Fri 21:12: INFO    : 	KernelConfiguration.clockPhasingRetries = 50                                                [Init: 50]
Fri 21:12: INFO    : 	KernelConfiguration.dumpNeighboursString =                                                  [Init: ]
Fri 21:12: INFO    : 	KernelConfiguration.enableCeReplication = true                                              [Init: true]
Fri 21:12: INFO    : 	KernelConfiguration.enableClockPhasePartitioning = false                                    [Init: false]
Fri 21:12: INFO    : 	KernelConfiguration.enableDebugIOControlRegs = true                                         [Init: true]
Fri 21:12: INFO    : 	KernelConfiguration.enableDummyBuild = false                                                [Init: false]
Fri 21:12: INFO    : 	KernelConfiguration.enableKernelProfiler = false                                            [Init: false]
Fri 21:12: INFO    : 	KernelConfiguration.enablePipelinedComputeController = false                                [Init: false]
Fri 21:12: INFO    : 	KernelConfiguration.enableShadowRegister = false                                            [Init: false]
Fri 21:12: INFO    : 	KernelConfiguration.fifoSrlRegisterStages = 1                                               [Init: 1]
Fri 21:12: INFO    : 	KernelConfiguration.flushOnInputDataCongtiguous = false                                     [Init: false]
Fri 21:12: INFO    : 	KernelConfiguration.hardwareDebugDepth = 512                                                [Init: 512]
Fri 21:12: INFO    : 	KernelConfiguration.hwHierarchyMode = UNSET                                                 [Init: UNSET]
Fri 21:12: INFO    : 	KernelConfiguration.latencyAnnotation = false                                               [Init: false]
Fri 21:12: INFO    : 	KernelConfiguration.latencyAnnotationIOs =                                                  [Init: null]
Fri 21:12: INFO    : 	KernelConfiguration.maxCoalescedFifoWidth = 2147483647                                      [Init: 2147483647]
Fri 21:12: INFO    : 	KernelConfiguration.maxPreAdderFanOut = 1                                                   [Init: 1]
Fri 21:12: INFO    : 	KernelConfiguration.netlistMode = false                                                     [Init: false]
Fri 21:12: INFO    : 	KernelConfiguration.numPhotonStateMachines = 1                                              [Init: 1]
Fri 21:12: INFO    : 	KernelConfiguration.optimizations.ceCounterRegisterDuplication = 1                          [Init: 1]
Fri 21:12: INFO    : 	KernelConfiguration.optimizations.conditionalArithmetic = true                              [Init: true]
Fri 21:12: INFO    : 	KernelConfiguration.optimizations.counterChainWrapPipelining = 0                            [Init: 0]
Fri 21:12: INFO    : 	KernelConfiguration.optimizations.dspAddChain =                                             [Init: null]
Fri 21:12: INFO    : 	KernelConfiguration.optimizations.enableActiveFanoutReduction = false                       [Init: false]
Fri 21:12: INFO    : 	KernelConfiguration.optimizations.enableBUFGCE = false                                      [Init: false]
Fri 21:12: INFO    : 	KernelConfiguration.optimizations.enableBetterInputRegistering = false                      [Init: false]
Fri 21:12: INFO    : 	KernelConfiguration.optimizations.enableBetterRegistering = false                           [Init: false]
Fri 21:12: INFO    : 	KernelConfiguration.optimizations.enableFIFOCoalescingAcrossPlacementConstraints = false    [Init: false]
Fri 21:12: INFO    : 	KernelConfiguration.optimizations.enableFifoCoalescing = true                               [Init: true]
Fri 21:12: INFO    : 	KernelConfiguration.optimizations.enableFullPrecisionBinaryOpConstants = false              [Init: false]
Fri 21:12: INFO    : 	KernelConfiguration.optimizations.enableIntegratedRounding = false                          [Init: false]
Fri 21:12: INFO    : 	KernelConfiguration.optimizations.enableMappedMemoryHostReadBack = true                     [Init: true]
Fri 21:12: INFO    : 	KernelConfiguration.optimizations.enableMultiCycleReset = false                             [Init: false]
Fri 21:12: INFO    : 	KernelConfiguration.optimizations.enablePowerTwoFloatMult = true                            [Init: true]
Fri 21:12: INFO    : 	KernelConfiguration.optimizations.enableStateMachineRegisterMerging = true                  [Init: true]
Fri 21:12: INFO    : 	KernelConfiguration.optimizations.inputFlushDistanceFactor = 0                              [Init: 0]
Fri 21:12: INFO    : 	KernelConfiguration.optimizations.minimumStaticFIFOSplitDepth = 1                           [Init: 1]
Fri 21:12: INFO    : 	KernelConfiguration.optimizations.optimizationTechnique = DEFAULT                           [Init: DEFAULT]
Fri 21:12: INFO    : 	KernelConfiguration.optimizations.triAdd = true                                             [Init: true]
Fri 21:12: INFO    : 	KernelConfiguration.partialReconfBlockName =                                                [Init: ]
Fri 21:12: INFO    : 	KernelConfiguration.partialReconfMode = false                                               [Init: false]
Fri 21:12: INFO    : 	KernelConfiguration.partialReconfTemplate = false                                           [Init: false]
Fri 21:12: INFO    : 	KernelConfiguration.replicateNodeCeLog2NumPartitions = 0                                    [Init: 0]
Fri 21:12: INFO    : 	KernelConfiguration.romBRAMBitsThreshold = 2080                                             [Init: 2080]
Fri 21:12: INFO    : 	KernelConfiguration.simulation.ramAddressCollisionBehaviour = EXCEPTION                     [Init: EXCEPTION]
Fri 21:12: INFO    : 	KernelConfiguration.simulation.ramOutOfBoundsAccessBehaviour = EXCEPTION                    [Init: EXCEPTION]
Fri 21:12: INFO    : 	KernelConfiguration.simulation.simProgressMessageFrequency = 0                              [Init: 0]
Fri 21:12: INFO    : 
Fri 21:12: INFO    :  -- 
Fri 21:12: INFO    : Writing current graph to: QueueKernel_original.pxg
Fri 21:12: INFO    : Running kernel graph-pass 'GeneratePXG'.
Fri 21:12: INFO    : Graph-pass 'GeneratePXG' took 136.206 ms (1 iterations)
Fri 21:12: INFO    : Running kernel graph-pass 'MarkConstantPass'.
Fri 21:12: INFO    : Graph-pass 'MarkConstantPass' took 1.40400 ms (1 iterations)
Fri 21:12: INFO    : Running kernel graph-pass 'ReachabilityPass'.
Fri 21:12: INFO    : Graph-pass 'ReachabilityPass' took 1.64900 ms (1 iterations)
Fri 21:12: INFO    : Running kernel graph-pass 'FindInputsLeadingToFlush'.
Fri 21:12: INFO    : Graph-pass 'FindInputsLeadingToFlush' took 94.0000 µs (1 iterations)
Fri 21:12: INFO    : Running kernel graph-pass 'CheckForStatefulToFlushViolations'.
Fri 21:12: INFO    : Graph-pass 'CheckForStatefulToFlushViolations' took 257.000 µs (1 iterations)
Fri 21:12: INFO    : Running kernel graph-pass 'CheckForInputToFlushViolations'.
Fri 21:12: INFO    : Graph-pass 'CheckForInputToFlushViolations' took 638.000 µs (1 iterations)
Fri 21:12: INFO    : Deleting directory: neighbours
Fri 21:12: INFO    : Running Photon pre-schedule graph optimisations
Fri 21:12: INFO    : Running kernel graph-pass 'AlignOrEradicatePrintfs'.
Fri 21:12: INFO    : Graph-pass 'AlignOrEradicatePrintfs' took 63.0000 µs (1 iterations)
Fri 21:12: INFO    : Running kernel graph-pass 'FoldConstantsPass'.
Fri 21:12: INFO    : Graph-pass 'FoldConstantsPass' took 7.24600 ms (2 iterations)
Fri 21:12: INFO    : Running kernel graph-pass 'OptimiseNodesPass'.
Fri 21:12: INFO    : Graph-pass 'OptimiseNodesPass' took 4.38600 ms (2 iterations)
Fri 21:12: INFO    : Running kernel graph-pass 'DSPMultiplyAddExtractionPass'.
Fri 21:12: INFO    : Optimized 0 sub-graphs into DSP multiply/add chains (Virtex6 mode).
Fri 21:12: INFO    : Graph-pass 'DSPMultiplyAddExtractionPass' took 13.4410 ms (1 iterations)
Fri 21:12: INFO    : Running kernel graph-pass 'TriAddExtractionPass'.
Fri 21:12: INFO    : optimised graph of 2 adds into 1 tri-add and 0 bi-adds (folded 0 constants)
Fri 21:12: INFO    : Graph-pass 'TriAddExtractionPass' took 6.08000 ms (1 iterations)
Fri 21:12: INFO    : Running kernel graph-pass 'ConditionalAddExtractionPass'.
Fri 21:12: INFO    : Optimized 0 sub-graphs into conditional adds/subs/triadds.
Fri 21:12: INFO    : Graph-pass 'ConditionalAddExtractionPass' took 270.000 µs (1 iterations)
Fri 21:12: INFO    : Running kernel graph-pass 'PO2FPMultOptimiser'.
Fri 21:12: INFO    : Graph-pass 'PO2FPMultOptimiser' took 65.0000 µs (1 iterations)
Fri 21:12: INFO    : Running Photon simulation preparation
Fri 21:12: INFO    : Running kernel graph-pass 'PrepareSimulationPass'.
Fri 21:12: INFO    : Graph-pass 'PrepareSimulationPass' took 62.0000 µs (1 iterations)
Fri 21:12: INFO    : Logging Photon stats to: QueueKernel_photon_stats.csv
Fri 21:12: INFO    : Deleting /home/enrico.deiana/repo/MaxelerRTM/RTMQueue/RunRules/Simulation/maxfiles/Queue_VECTIS_DFE_SIM/scratch/QueueKernel_photon_stats.csv
Fri 21:12: INFO    : Running kernel graph-pass 'StatsPass'.
Fri 21:12: INFO    : Graph-pass 'StatsPass' took 1.34400 ms (1 iterations)
Fri 21:12: INFO    : Running kernel graph-pass 'CollectNumericExceptions'.
Fri 21:12: INFO    : Graph-pass 'CollectNumericExceptions' took 69.0000 µs (1 iterations)
Fri 21:12: INFO    : Running kernel graph-pass 'StreamOffsetDivExpand'.
Fri 21:12: INFO    : Graph-pass 'StreamOffsetDivExpand' took 59.0000 µs (1 iterations)
Fri 21:12: INFO    : Running kernel graph-pass 'FindIllegalLoops'.
Fri 21:12: INFO    : Graph-pass 'FindIllegalLoops' took 758.000 µs (1 iterations)
Fri 21:12: INFO    : Scheduling Photon graph (pass 1)
Fri 21:12: INFO    : Running kernel graph-pass 'MarkConstantPass'.
Fri 21:12: INFO    : Graph-pass 'MarkConstantPass' took 107.000 µs (1 iterations)
Fri 21:12: INFO    : Running kernel graph-pass 'MIPScheduler'.
Fri 21:12: INFO    : Running command: "/opt/maxeler/maxcompiler/bin/glpsol" --intopt  --model "scheduler.mod" --data "QueueKernel_scheduler_1_C.dat" --display "QueueKernel_scheduler_1_C.out" --log "QueueKernel_scheduler_1_C.log"
Fri 21:12: INFO    : Checking for file hash changes...
Fri 21:12: INFO    : Hash changed for file: 'QueueKernel_scheduler_1_C.dat'
Fri 21:12: INFO    : Reading model section from scheduler.mod...
Fri 21:12: INFO    : 90 lines were read
Fri 21:12: INFO    : Reading data section from QueueKernel_scheduler_1_C.dat...
Fri 21:12: INFO    : 153 lines were read
Fri 21:12: INFO    : Generating schedulingEquation...
Fri 21:12: INFO    : Generating bufferingEquation...
Fri 21:12: INFO    : Generating afterFlushNode...
Fri 21:12: INFO    : Generating forcePairConstraints...
Fri 21:12: INFO    : Generating autoVarLatencyUserMin...
Fri 21:12: INFO    : Generating autoVarLatencyUserMax...
Fri 21:12: INFO    : Generating fifos...
Fri 21:12: INFO    : Model has been successfully generated
Fri 21:12: INFO    : ipp_basic_tech:  1 row(s) and 1 column(s) removed
Fri 21:12: INFO    : ipp_reduce_bnds: 1 pass(es) made, 0 bound(s) reduced
Fri 21:12: INFO    : ipp_basic_tech:  0 row(s) and 0 column(s) removed
Fri 21:12: INFO    : ipp_reduce_coef: 1 pass(es) made, 0 coefficient(s) reduced
Fri 21:12: INFO    : lpx_intopt: presolved MIP has 46 rows, 32 columns, 112 non-zeros
Fri 21:12: INFO    : lpx_intopt: 32 integer columns, none of which are binary
Fri 21:12: INFO    : lpx_adv_basis: size of triangular part = 46
Fri 21:12: INFO    : Solving LP relaxation...
Fri 21:12: INFO    :       0:   objval =  -1.000000000e+00   infeas =   1.000000000e+00 (0)
Fri 21:12: INFO    :      26:   objval =   6.880000000e+02   infeas =   0.000000000e+00 (0)
Fri 21:12: INFO    : *    26:   objval =   6.880000000e+02   infeas =   0.000000000e+00 (0)
Fri 21:12: INFO    : *    31:   objval =   4.480000000e+02   infeas =   0.000000000e+00 (0)
Fri 21:12: INFO    : OPTIMAL SOLUTION FOUND
Fri 21:12: INFO    : Integer optimization begins...
Fri 21:12: INFO    : +    31: mip =     not found yet >=              -inf        (1; 0)
Fri 21:12: INFO    : +    31: >>>>>   4.480000000e+02 >=   4.480000000e+02   0.0% (1; 0)
Fri 21:12: INFO    : +    31: mip =   4.480000000e+02 >=     tree is empty   0.0% (0; 1)
Fri 21:12: INFO    : INTEGER OPTIMAL SOLUTION FOUND
Fri 21:12: INFO    : Time used:   0.0 secs
Fri 21:12: INFO    : Memory used: 0.2 Mb (245954 bytes)
Fri 21:12: INFO    : Model has been successfully processed
Fri 21:12: INFO    : Deleting /home/enrico.deiana/repo/MaxelerRTM/RTMQueue/RunRules/Simulation/maxfiles/Queue_VECTIS_DFE_SIM/scratch/QueueKernel_schedule_report.csv
Fri 21:12: INFO    : Graph-pass 'MIPScheduler' took 182.334 ms (1 iterations)
Fri 21:12: INFO    : Running kernel graph-pass 'SubstituteEqPlaceholders'.
Fri 21:12: INFO    : Graph-pass 'SubstituteEqPlaceholders' took 130.000 µs (1 iterations)
Fri 21:12: INFO    : Running kernel graph-pass 'ScheduleApplier'.
Fri 21:12: INFO    : Graph-pass 'ScheduleApplier' took 1.19700 ms (1 iterations)
Fri 21:12: INFO    : Running kernel graph-pass 'StatsPass'.
Fri 21:12: INFO    : Graph-pass 'StatsPass' took 934.000 µs (1 iterations)
Fri 21:12: INFO    : Running kernel graph-pass 'ReachabilityPass'.
Fri 21:12: INFO    : Graph-pass 'ReachabilityPass' took 1.49300 ms (1 iterations)
Fri 21:12: INFO    : Running kernel graph-pass 'CheckForInputToFlushViolations'.
Fri 21:12: INFO    : Graph-pass 'CheckForInputToFlushViolations' took 173.000 µs (1 iterations)
Fri 21:12: INFO    : Running Photon post-schedule graph optimisations (pass 1)
Fri 21:12: INFO    : Running kernel graph-pass 'TapFIFOsPass'.
Fri 21:12: INFO    : Graph-pass 'TapFIFOsPass' took 468.000 µs (1 iterations)
Fri 21:12: INFO    : Running kernel graph-pass 'FoldFIFOsPass'.
Fri 21:12: INFO    : Graph-pass 'FoldFIFOsPass' took 223.000 µs (1 iterations)
Fri 21:12: INFO    : Running kernel graph-pass 'ValidateFIFOs'.
Fri 21:12: INFO    : Graph-pass 'ValidateFIFOs' took 56.0000 µs (1 iterations)
Fri 21:12: INFO    : Scheduling Photon graph (pass 2)
Fri 21:12: INFO    : Running kernel graph-pass 'MarkConstantPass'.
Fri 21:12: INFO    : Graph-pass 'MarkConstantPass' took 213.000 µs (1 iterations)
Fri 21:12: INFO    : Running kernel graph-pass 'MIPScheduler'.
Fri 21:12: INFO    : Running command: "/opt/maxeler/maxcompiler/bin/glpsol" --intopt  --model "scheduler.mod" --data "QueueKernel_scheduler_2_C.dat" --display "QueueKernel_scheduler_2_C.out" --log "QueueKernel_scheduler_2_C.log"
Fri 21:12: INFO    : Checking for file hash changes...
Fri 21:12: INFO    : Hash changed for file: 'QueueKernel_scheduler_2_C.dat'
Fri 21:12: INFO    : Reading model section from scheduler.mod...
Fri 21:12: INFO    : 90 lines were read
Fri 21:12: INFO    : Reading data section from QueueKernel_scheduler_2_C.dat...
Fri 21:12: INFO    : 153 lines were read
Fri 21:12: INFO    : Generating schedulingEquation...
Fri 21:12: INFO    : Generating bufferingEquation...
Fri 21:12: INFO    : Generating afterFlushNode...
Fri 21:12: INFO    : Generating forcePairConstraints...
Fri 21:12: INFO    : Generating autoVarLatencyUserMin...
Fri 21:12: INFO    : Generating autoVarLatencyUserMax...
Fri 21:12: INFO    : Generating fifos...
Fri 21:12: INFO    : Model has been successfully generated
Fri 21:12: INFO    : ipp_basic_tech:  1 row(s) and 1 column(s) removed
Fri 21:12: INFO    : ipp_reduce_bnds: 1 pass(es) made, 0 bound(s) reduced
Fri 21:12: INFO    : ipp_basic_tech:  0 row(s) and 0 column(s) removed
Fri 21:12: INFO    : ipp_reduce_coef: 1 pass(es) made, 0 coefficient(s) reduced
Fri 21:12: INFO    : lpx_intopt: presolved MIP has 46 rows, 32 columns, 112 non-zeros
Fri 21:12: INFO    : lpx_intopt: 32 integer columns, none of which are binary
Fri 21:12: INFO    : lpx_adv_basis: size of triangular part = 46
Fri 21:12: INFO    : Solving LP relaxation...
Fri 21:12: INFO    :       0:   objval =  -1.000000000e+00   infeas =   1.000000000e+00 (0)
Fri 21:12: INFO    :      26:   objval =   6.880000000e+02   infeas =   0.000000000e+00 (0)
Fri 21:12: INFO    : *    26:   objval =   6.880000000e+02   infeas =   0.000000000e+00 (0)
Fri 21:12: INFO    : *    31:   objval =   4.480000000e+02   infeas =   0.000000000e+00 (0)
Fri 21:12: INFO    : OPTIMAL SOLUTION FOUND
Fri 21:12: INFO    : Integer optimization begins...
Fri 21:12: INFO    : +    31: mip =     not found yet >=              -inf        (1; 0)
Fri 21:12: INFO    : +    31: >>>>>   4.480000000e+02 >=   4.480000000e+02   0.0% (1; 0)
Fri 21:12: INFO    : +    31: mip =   4.480000000e+02 >=     tree is empty   0.0% (0; 1)
Fri 21:12: INFO    : INTEGER OPTIMAL SOLUTION FOUND
Fri 21:12: INFO    : Time used:   0.0 secs
Fri 21:12: INFO    : Memory used: 0.2 Mb (245954 bytes)
Fri 21:12: INFO    : Model has been successfully processed
Fri 21:12: INFO    : Deleting /home/enrico.deiana/repo/MaxelerRTM/RTMQueue/RunRules/Simulation/maxfiles/Queue_VECTIS_DFE_SIM/scratch/QueueKernel_schedule_report.csv
Fri 21:12: INFO    : Graph-pass 'MIPScheduler' took 166.901 ms (1 iterations)
Fri 21:12: INFO    : Running kernel graph-pass 'RemoveDistMeasurementNodes'.
Fri 21:12: INFO    : Graph-pass 'RemoveDistMeasurementNodes' took 25.0000 µs (1 iterations)
Fri 21:12: INFO    : Running kernel graph-pass 'SubstituteEqPlaceholders'.
Fri 21:12: INFO    : Graph-pass 'SubstituteEqPlaceholders' took 116.000 µs (1 iterations)
Fri 21:12: INFO    : Running kernel graph-pass 'ScheduleApplier'.
Fri 21:12: INFO    : Graph-pass 'ScheduleApplier' took 9.31400 ms (1 iterations)
Fri 21:12: INFO    : Maximum stream latency for kernel 'QueueKernel': 15
Fri 21:12: INFO    : Using user logic for flush.
Fri 21:12: INFO    : Running kernel graph-pass 'StatsPass'.
Fri 21:12: INFO    : Graph-pass 'StatsPass' took 1.08300 ms (1 iterations)
Fri 21:12: INFO    : Running Photon post-schedule graph optimisations (pass 2)
Fri 21:12: INFO    : Running kernel graph-pass 'TapFIFOsPass'.
Fri 21:12: INFO    : Graph-pass 'TapFIFOsPass' took 554.000 µs (1 iterations)
Fri 21:12: INFO    : Running kernel graph-pass 'FoldFIFOsPass'.
Fri 21:12: INFO    : Graph-pass 'FoldFIFOsPass' took 365.000 µs (1 iterations)
Fri 21:12: INFO    : Running kernel graph-pass 'MarkConstantPass'.
Fri 21:12: INFO    : Graph-pass 'MarkConstantPass' took 213.000 µs (1 iterations)
Fri 21:12: INFO    : Running kernel graph-pass 'ScheduleAsserter'.
Fri 21:12: INFO    : Graph-pass 'ScheduleAsserter' took 441.000 µs (1 iterations)
Fri 21:12: INFO    : Running kernel graph-pass 'ReplaceEvalStreamOffsetNodes'.
Fri 21:12: INFO    : Graph-pass 'ReplaceEvalStreamOffsetNodes' took 141.000 µs (1 iterations)
Fri 21:12: INFO    : Running kernel graph-pass 'FIFOReport'.
Fri 21:12: INFO    : Graph-pass 'FIFOReport' took 1.60000 ms (1 iterations)
Fri 21:12: INFO    : Running kernel graph-pass 'StatsPass'.
Fri 21:12: INFO    : Graph-pass 'StatsPass' took 1.05600 ms (1 iterations)
Fri 21:12: INFO    : Running kernel graph-pass 'RemoveUntypedConstants'.
Fri 21:12: INFO    : Graph-pass 'RemoveUntypedConstants' took 3.54900 ms (1 iterations)
Fri 21:12: INFO    : Running kernel graph-pass 'VariableSizeMappedRegInserter'.
Fri 21:12: INFO    : Graph-pass 'VariableSizeMappedRegInserter' took 66.0000 µs (1 iterations)
Fri 21:12: INFO    : Running kernel graph-pass 'MarkConstantPass'.
Fri 21:12: INFO    : Graph-pass 'MarkConstantPass' took 126.000 µs (1 iterations)
Fri 21:12: INFO    : Running kernel graph-pass 'MakeMaxFileNodeData'.
Fri 21:12: INFO    : Graph-pass 'MakeMaxFileNodeData' took 2.56100 ms (1 iterations)
Fri 21:12: INFO    : Running kernel graph-pass 'MoveFanoutRegsForwards'.
Fri 21:12: INFO    : Graph-pass 'MoveFanoutRegsForwards' took 61.0000 µs (1 iterations)
Fri 21:12: INFO    : Optimization report for Kernel 'QueueKernel'.
Fri 21:12: INFO    : Enabled optimizations:
Fri 21:12: INFO    : 	DSP-Multiplication
Fri 21:12: INFO    : 	Tri-Adder
Fri 21:12: INFO    : 	Conditional (Tri)Adds/Subs/AddSubs
Fri 21:12: INFO    : 	Power-of-2 Floating Point
Fri 21:12: INFO    : Creating a preliminary MaxCompilerDesignData.dat. (@ CoreCompile QueueKernel)
Fri 21:12: INFO    : Deleting /home/enrico.deiana/repo/MaxelerRTM/RTMQueue/RunRules/Simulation/maxfiles/Queue_VECTIS_DFE_SIM/scratch/MaxCompilerDesignData.dat
Fri 21:12: INFO    : Running kernel graph-pass 'MarkConstantPass'.
Fri 21:12: INFO    : Graph-pass 'MarkConstantPass' took 128.000 µs (1 iterations)
Fri 21:12: INFO    : Running kernel graph-pass 'MaxConstantLatency'.
Fri 21:12: INFO    : Graph-pass 'MaxConstantLatency' took 427.000 µs (1 iterations)
Fri 21:12: INFO    : Running kernel graph-pass 'SimCodeGraphPass'.
Fri 21:12: INFO    : Graph-pass 'SimCodeGraphPass' took 11.4870 ms (1 iterations)
Fri 21:12: INFO    : Writing current graph to: QueueKernel_final-simulation.pxg
Fri 21:12: INFO    : Running kernel graph-pass 'GeneratePXG'.
Fri 21:12: INFO    : Graph-pass 'GeneratePXG' took 97.0700 ms (1 iterations)
Fri 21:12: INFO    : Deleting /home/enrico.deiana/repo/MaxelerRTM/RTMQueue/RunRules/Simulation/maxfiles/Queue_VECTIS_DFE_SIM/scratch/Manager_Queue.graphs
Fri 21:12: INFO    : Running manager compiler graph-pass: GenerateMXGInfo
Fri 21:12: INFO    : Running manager compiler graph-pass: CalculateBandwidthForward
Fri 21:12: INFO    : Running manager compiler graph-pass: CalculateBandwidthBackward
Fri 21:12: INFO    : Running manager compiler graph-pass: ScheduleStallLatency
Fri 21:12: INFO    : Running manager compiler graph-pass: ClockWidthAssignment
Fri 21:12: INFO    : Running manager compiler graph-pass: InsertDualAspectLogic
Fri 21:12: INFO    : Running manager compiler graph-pass: ClockWidthAssignment
Fri 21:12: INFO    : Running manager compiler graph-pass: InsertPullPushAdapter
Fri 21:12: INFO    : Running manager compiler graph-pass: ClockWidthAssignment
Fri 21:12: INFO    : Running manager compiler graph-pass: InsertStreamFifos
Fri 21:12: INFO    : Running manager compiler graph-pass: ClockWidthAssignment
Fri 21:12: INFO    : Running manager compiler graph-pass: InsertStreamStatus
Fri 21:12: INFO    : Running manager compiler graph-pass: InsertChipscope
Fri 21:12: INFO    : Inserted 0 chipscope manager nodes.
Fri 21:12: INFO    : Running manager compiler graph-pass: ClockWidthAssignment
Fri 21:12: INFO    : Running manager compiler graph-pass: BuildSoftwareSim
Fri 21:12: INFO    : Mapped register report:
Fri 21:12: INFO    : 	0	_Addr_En	1bytes
Fri 21:12: INFO    : 	1	_CmdSize	1bytes
Fri 21:12: INFO    : 	2	_BlockSize_X	5bytes
Fri 21:12: INFO    : 	7	_Wrap_X	4bytes
Fri 21:12: INFO    : 	b	_Start_X_Addr	4bytes
Fri 21:12: INFO    : 	f	_Offset_0	4bytes
Fri 21:12: INFO    : 	13	_Addr_En	1bytes
Fri 21:12: INFO    : 	14	_CmdSize	1bytes
Fri 21:12: INFO    : 	15	_BlockSize_X	5bytes
Fri 21:12: INFO    : 	1a	_Wrap_X	4bytes
Fri 21:12: INFO    : 	1e	_Start_X_Addr	4bytes
Fri 21:12: INFO    : 	22	_Offset_0	4bytes
Fri 21:12: INFO    : 	26	_Addr_En	1bytes
Fri 21:12: INFO    : 	27	_CmdSize	1bytes
Fri 21:12: INFO    : 	28	_BlockSize_X	5bytes
Fri 21:12: INFO    : 	2d	_Wrap_X	4bytes
Fri 21:12: INFO    : 	31	_Start_X_Addr	4bytes
Fri 21:12: INFO    : 	35	_Offset_0	4bytes
Fri 21:12: INFO    : 	39	io_controller_force_disabled	1bytes
Fri 21:12: INFO    : 	3a	io_x_force_disabled	1bytes
Fri 21:12: INFO    : 	3b	io_y_force_disabled	1bytes
Fri 21:12: INFO    : 	3c	a	4bytes
Fri 21:12: INFO    : 	40	io_s_force_disabled	1bytes
Fri 21:12: INFO    : 	41	run_cycle_count	6bytes
Fri 21:12: INFO    : 	47	current_run_cycle_count	6bytes
Fri 21:12: INFO    : 	4d	dbg_ctld_almost_empty	1bytes
Fri 21:12: INFO    : 	4e	dbg_ctld_done	1bytes
Fri 21:12: INFO    : 	4f	dbg_ctld_empty	1bytes
Fri 21:12: INFO    : 	50	dbg_ctld_read	1bytes
Fri 21:12: INFO    : 	51	dbg_ctld_read_pipe_dbg	2bytes
Fri 21:12: INFO    : 	53	dbg_ctld_request	1bytes
Fri 21:12: INFO    : 	54	dbg_done_out	1bytes
Fri 21:12: INFO    : 	55	dbg_fill_level	1bytes
Fri 21:12: INFO    : 	56	dbg_flush_level	1bytes
Fri 21:12: INFO    : 	57	dbg_flush_start	1bytes
Fri 21:12: INFO    : 	58	dbg_flush_start_level	1bytes
Fri 21:12: INFO    : 	59	dbg_flushing	1bytes
Fri 21:12: INFO    : 	5a	dbg_full_level	1bytes
Fri 21:12: INFO    : 	5b	dbg_out_stall	1bytes
Fri 21:12: INFO    : 	5c	dbg_out_valid	1bytes
Fri 21:12: INFO    : 	5d	dbg_stall_vector	1bytes
Fri 21:12: INFO    : 	5e	MemoryControllerPro_Int_Enable_AND	1bytes
Fri 21:12: INFO    : 	5f	MemoryControllerPro_Int_Disable_OR	1bytes
Fri 21:12: INFO    : 	60	MemoryControllerPro_phy_init_done	1bytes
Fri 21:12: INFO    : 	61	MemoryControllerPro_Arb_Control	1bytes
Fri 21:12: INFO    : 	62	ifpga_ctrl	1bytes
Fri 21:12: INFO    : 	63	SFA_FORWARD_EN	4bytes
Fri 21:12: INFO    : Mapped register chain length = 103
Fri 21:12: INFO    : Mapped memory report:
Fri 21:12: INFO    : 	No mapped memories in this design.
Fri 21:12: INFO    : Running manager compiler graph-pass: GenerateMXGInfo
Fri 21:12: INFO    : Running manager compiler graph-pass: GenerateSlicHostCode
Fri 21:12: INFO    : Generating SLIC interface information
Fri 21:12: INFO    : Generating SLIC code for interface 'writeLMem'
Fri 21:12: INFO    : Creating CModeDramLinear instance for "write_lmem".
Fri 21:12: INFO    : Creating CModeDramLinear instance for "read_lmem".
Fri 21:12: INFO    : Creating CModeDramLinear instance for "x".
Fri 21:12: INFO    : Skipping blacklisted scalar parameter 'QueueKernel.current_run_cycle_count'
Fri 21:12: INFO    : Interface 'writeLMem' depends on parameter 'address'
Fri 21:12: INFO    : Interface 'writeLMem' depends on parameter 'nbytes'
Fri 21:12: INFO    : Generating SLIC code for interface 'readLMem'
Fri 21:12: INFO    : Creating CModeDramLinear instance for "write_lmem".
Fri 21:12: INFO    : Creating CModeDramLinear instance for "read_lmem".
Fri 21:12: INFO    : Creating CModeDramLinear instance for "x".
Fri 21:12: INFO    : Skipping blacklisted scalar parameter 'QueueKernel.current_run_cycle_count'
Fri 21:12: INFO    : Interface 'readLMem' depends on parameter 'address'
Fri 21:12: INFO    : Interface 'readLMem' depends on parameter 'nbytes'
Fri 21:12: INFO    : Generating SLIC code for interface 'default'
Fri 21:12: INFO    : Creating CModeDramLinear instance for "write_lmem".
Fri 21:12: INFO    : Creating CModeDramLinear instance for "read_lmem".
Fri 21:12: INFO    : Creating CModeDramLinear instance for "x".
Fri 21:12: INFO    : Skipping blacklisted scalar parameter 'QueueKernel.current_run_cycle_count'
Fri 21:12: INFO    : Interface 'default' depends on parameter 'A'
Fri 21:12: INFO    : Interface 'default' depends on parameter 'N'
Fri 21:12: INFO    : Generating XML description for Maxfile
Fri 21:12: INFO    : Generating XML description for mode 'writeLMem'
Fri 21:12: INFO    : Creating CModeDramLinear instance for "write_lmem".
Fri 21:12: INFO    : Creating CModeDramLinear instance for "read_lmem".
Fri 21:12: INFO    : Creating CModeDramLinear instance for "x".
Fri 21:12: INFO    : Skipping blacklisted scalar parameter 'QueueKernel.current_run_cycle_count'
Fri 21:12: INFO    : Interface 'writeLMem' depends on parameter 'address'
Fri 21:12: INFO    : Interface 'writeLMem' depends on parameter 'nbytes'
Fri 21:12: INFO    : Generating XML description for mode 'readLMem'
Fri 21:12: INFO    : Creating CModeDramLinear instance for "write_lmem".
Fri 21:12: INFO    : Creating CModeDramLinear instance for "read_lmem".
Fri 21:12: INFO    : Creating CModeDramLinear instance for "x".
Fri 21:12: INFO    : Skipping blacklisted scalar parameter 'QueueKernel.current_run_cycle_count'
Fri 21:12: INFO    : Interface 'readLMem' depends on parameter 'address'
Fri 21:12: INFO    : Interface 'readLMem' depends on parameter 'nbytes'
Fri 21:12: INFO    : Generating XML description for mode 'default'
Fri 21:12: INFO    : Creating CModeDramLinear instance for "write_lmem".
Fri 21:12: INFO    : Creating CModeDramLinear instance for "read_lmem".
Fri 21:12: INFO    : Creating CModeDramLinear instance for "x".
Fri 21:12: INFO    : Skipping blacklisted scalar parameter 'QueueKernel.current_run_cycle_count'
Fri 21:12: INFO    : Interface 'default' depends on parameter 'A'
Fri 21:12: INFO    : Interface 'default' depends on parameter 'N'
Fri 21:12: INFO    : Adding SLIC sections to the maxfile
Fri 21:12: INFO    : Generating SLIC include file
Fri 21:12: INFO    : Done generating SLIC interface information
Fri 21:12: PROGRESS: Running back-end simulation build (3 phases)
Fri 21:12: PROGRESS: (1/3) - Prepare MaxFile Data (GenerateMaxFileDataFile)
Fri 21:12: INFO    : Build pass 'GenerateMaxFileDataFile' took 23.5340 ms.
Fri 21:12: PROGRESS: (2/3) - Compile Simulation Modules (SimCompilePass)
Fri 21:12: INFO    : Running command: make -j2
Fri 21:12: INFO    : Checking for file hash changes...
Fri 21:12: INFO    : Hash changed for file: 'tmp_resource_dump/QueueKernel.h'
Fri 21:12: INFO    : Hash changed for file: 'tmp_resource_dump/QueueKernel_exec0.cpp'
Fri 21:12: INFO    : Hash changed for file: 'tmp_resource_dump/QueueKernel.cpp'
Fri 21:12: INFO    : Hash changed for file: 'tmp_resource_dump/QueueKernel_Templates.cpp'
Fri 21:12: INFO    : Hash changed for file: '../../MaxCompilerDesignData.dat'
Fri 21:12: INFO    : /opt/maxeler/maxcompiler/lib/gcc/bin/g++ -c -I/usr/include/x86_64-linux-gnu -fPIC -D__USE_XOPEN2K8 -O3  -I. -I/opt/maxeler/maxcompiler/lib/boost/include -I/opt/maxeler/maxcompiler/lib/maxeleros-sim/include -I/opt/maxeler/maxcompiler/lib/lwip_sim -I/opt/maxeler/maxcompiler/lib/lwip_sim/include -I/opt/maxeler/maxcompiler/lib/lwip_sim/include/arch -I/opt/maxeler/maxcompiler/lib/lwip_sim/include/ipv4  -DHAVE_KERNELS -DMAXFILE_INC="../../MaxCompilerDesignData.dat" -g0  -DSLIC_NO_DECLARATIONS   -O0 -DOPTIMIZATION_LEVEL=0 -x c++-header \
Fri 21:12: INFO    : 		-o stdsimheader.h.gch/O0_stdsimheader.h.gch stdsimheader.h
Fri 21:12: INFO    : /opt/maxeler/maxcompiler/lib/gcc/bin/g++ -c -I/usr/include/x86_64-linux-gnu -fPIC -D__USE_XOPEN2K8 -O3  -I. -I/opt/maxeler/maxcompiler/lib/boost/include -I/opt/maxeler/maxcompiler/lib/maxeleros-sim/include -I/opt/maxeler/maxcompiler/lib/lwip_sim -I/opt/maxeler/maxcompiler/lib/lwip_sim/include -I/opt/maxeler/maxcompiler/lib/lwip_sim/include/arch -I/opt/maxeler/maxcompiler/lib/lwip_sim/include/ipv4  -DHAVE_KERNELS -DMAXFILE_INC="../../MaxCompilerDesignData.dat" -g0  -DSLIC_NO_DECLARATIONS   -fno-implicit-templates -O2 -DOPTIMIZATION_LEVEL=2 -x c++-header \
Fri 21:12: INFO    : 		-o stdsimheader.h.gch/NoTplInst_O2_stdsimheader.h.gch stdsimheader.h
Fri 21:12: INFO    : make Queue.so
Fri 21:12: INFO    : make[1]: Entering directory `/home/enrico.deiana/repo/MaxelerRTM/RTMQueue/RunRules/Simulation/maxfiles/Queue_VECTIS_DFE_SIM/scratch/software-sim/build'
Fri 21:12: INFO    : /opt/maxeler/maxcompiler/lib/gcc/bin/g++ -c -I/usr/include/x86_64-linux-gnu -fPIC -D__USE_XOPEN2K8 -O3  -I. -I/opt/maxeler/maxcompiler/lib/boost/include -I/opt/maxeler/maxcompiler/lib/maxeleros-sim/include -I/opt/maxeler/maxcompiler/lib/lwip_sim -I/opt/maxeler/maxcompiler/lib/lwip_sim/include -I/opt/maxeler/maxcompiler/lib/lwip_sim/include/arch -I/opt/maxeler/maxcompiler/lib/lwip_sim/include/ipv4  -DHAVE_KERNELS -DMAXFILE_INC="../../MaxCompilerDesignData.dat" -g0  -DSLIC_NO_DECLARATIONS   -fno-implicit-templates -O2 -DOPTIMIZATION_LEVEL=2 -o objdir/QueueKernel_exec0.NoTplInst.O2.o QueueKernel_exec0.cpp
Fri 21:12: INFO    : /opt/maxeler/maxcompiler/lib/gcc/bin/g++ -c -I/usr/include/x86_64-linux-gnu -fPIC -D__USE_XOPEN2K8 -O3  -I. -I/opt/maxeler/maxcompiler/lib/boost/include -I/opt/maxeler/maxcompiler/lib/maxeleros-sim/include -I/opt/maxeler/maxcompiler/lib/lwip_sim -I/opt/maxeler/maxcompiler/lib/lwip_sim/include -I/opt/maxeler/maxcompiler/lib/lwip_sim/include/arch -I/opt/maxeler/maxcompiler/lib/lwip_sim/include/ipv4  -DHAVE_KERNELS -DMAXFILE_INC="../../MaxCompilerDesignData.dat" -g0  -DSLIC_NO_DECLARATIONS   -O0 -DOPTIMIZATION_LEVEL=0 -o objdir/QueueKernel.O0.o QueueKernel.cpp
Fri 21:12: INFO    : /opt/maxeler/maxcompiler/lib/gcc/bin/g++ -I/usr/include/x86_64-linux-gnu -fPIC -D__USE_XOPEN2K8 -O3  -I. -I/opt/maxeler/maxcompiler/lib/boost/include -I/opt/maxeler/maxcompiler/lib/maxeleros-sim/include -I/opt/maxeler/maxcompiler/lib/lwip_sim -I/opt/maxeler/maxcompiler/lib/lwip_sim/include -I/opt/maxeler/maxcompiler/lib/lwip_sim/include/arch -I/opt/maxeler/maxcompiler/lib/lwip_sim/include/ipv4  -DHAVE_KERNELS -DMAXFILE_INC="../../MaxCompilerDesignData.dat" -g0  -DSLIC_NO_DECLARATIONS   -MM -MP -MT objdir/QueueKernel_exec0.NoTplInst.O2.o \
Fri 21:12: INFO    : 		QueueKernel_exec0.cpp > objdir/QueueKernel_exec0.NoTplInst.O2.d
Fri 21:12: INFO    : /opt/maxeler/maxcompiler/lib/gcc/bin/g++ -c -I/usr/include/x86_64-linux-gnu -fPIC -D__USE_XOPEN2K8 -O3  -I. -I/opt/maxeler/maxcompiler/lib/boost/include -I/opt/maxeler/maxcompiler/lib/maxeleros-sim/include -I/opt/maxeler/maxcompiler/lib/lwip_sim -I/opt/maxeler/maxcompiler/lib/lwip_sim/include -I/opt/maxeler/maxcompiler/lib/lwip_sim/include/arch -I/opt/maxeler/maxcompiler/lib/lwip_sim/include/ipv4  -DHAVE_KERNELS -DMAXFILE_INC="../../MaxCompilerDesignData.dat" -g0  -DSLIC_NO_DECLARATIONS   -O2 -DOPTIMIZATION_LEVEL=2 -o objdir/QueueKernel_Templates.O2.o QueueKernel_Templates.cpp
Fri 21:12: INFO    : /opt/maxeler/maxcompiler/lib/gcc/bin/g++ -I/usr/include/x86_64-linux-gnu -fPIC -D__USE_XOPEN2K8 -O3  -I. -I/opt/maxeler/maxcompiler/lib/boost/include -I/opt/maxeler/maxcompiler/lib/maxeleros-sim/include -I/opt/maxeler/maxcompiler/lib/lwip_sim -I/opt/maxeler/maxcompiler/lib/lwip_sim/include -I/opt/maxeler/maxcompiler/lib/lwip_sim/include/arch -I/opt/maxeler/maxcompiler/lib/lwip_sim/include/ipv4  -DHAVE_KERNELS -DMAXFILE_INC="../../MaxCompilerDesignData.dat" -g0  -DSLIC_NO_DECLARATIONS   -MM -MP -MT objdir/QueueKernel.O0.o \
Fri 21:12: INFO    : 		QueueKernel.cpp > objdir/QueueKernel.O0.d
Fri 21:12: INFO    : /opt/maxeler/maxcompiler/lib/gcc/bin/g++ -c -I/usr/include/x86_64-linux-gnu -fPIC -D__USE_XOPEN2K8 -O3  -I. -I/opt/maxeler/maxcompiler/lib/boost/include -I/opt/maxeler/maxcompiler/lib/maxeleros-sim/include -I/opt/maxeler/maxcompiler/lib/lwip_sim -I/opt/maxeler/maxcompiler/lib/lwip_sim/include -I/opt/maxeler/maxcompiler/lib/lwip_sim/include/arch -I/opt/maxeler/maxcompiler/lib/lwip_sim/include/ipv4  -DHAVE_KERNELS -DMAXFILE_INC="../../MaxCompilerDesignData.dat" -g0  -DSLIC_NO_DECLARATIONS   -O0 -DOPTIMIZATION_LEVEL=0 -o objdir/max_msi.O0.o max_msi.cpp
Fri 21:12: INFO    : /opt/maxeler/maxcompiler/lib/gcc/bin/g++ -I/usr/include/x86_64-linux-gnu -fPIC -D__USE_XOPEN2K8 -O3  -I. -I/opt/maxeler/maxcompiler/lib/boost/include -I/opt/maxeler/maxcompiler/lib/maxeleros-sim/include -I/opt/maxeler/maxcompiler/lib/lwip_sim -I/opt/maxeler/maxcompiler/lib/lwip_sim/include -I/opt/maxeler/maxcompiler/lib/lwip_sim/include/arch -I/opt/maxeler/maxcompiler/lib/lwip_sim/include/ipv4  -DHAVE_KERNELS -DMAXFILE_INC="../../MaxCompilerDesignData.dat" -g0  -DSLIC_NO_DECLARATIONS   -MM -MP -MT objdir/max_msi.O0.o \
Fri 21:12: INFO    : 		max_msi.cpp > objdir/max_msi.O0.d
Fri 21:12: INFO    : /opt/maxeler/maxcompiler/lib/gcc/bin/g++ -I/usr/include/x86_64-linux-gnu -fPIC -D__USE_XOPEN2K8 -O3  -I. -I/opt/maxeler/maxcompiler/lib/boost/include -I/opt/maxeler/maxcompiler/lib/maxeleros-sim/include -I/opt/maxeler/maxcompiler/lib/lwip_sim -I/opt/maxeler/maxcompiler/lib/lwip_sim/include -I/opt/maxeler/maxcompiler/lib/lwip_sim/include/arch -I/opt/maxeler/maxcompiler/lib/lwip_sim/include/ipv4  -DHAVE_KERNELS -DMAXFILE_INC="../../MaxCompilerDesignData.dat" -g0  -DSLIC_NO_DECLARATIONS   -MM -MP -MT objdir/QueueKernel_Templates.O2.o \
Fri 21:12: INFO    : 		QueueKernel_Templates.cpp > objdir/QueueKernel_Templates.O2.d
Fri 21:12: INFO    : /opt/maxeler/maxcompiler/lib/gcc/bin/g++ -fPIC -shared -B/usr/lib/x86_64-linux-gnu -L/opt/maxeler/maxcompiler/lib/boost/lib -lboost_thread -lboost_system -lboost_filesystem -lrt -pthread -O2 -s  -o Queue.so objdir/QueueKernel_exec0.NoTplInst.O2.o objdir/QueueKernel.O0.o objdir/QueueKernel_Templates.O2.o objdir/max_msi.O0.o StructToGroupDummy.o Mux.o DualAspectMux.o Demux.o Fanout.o CapRegs.o IFPGARegs.o ChecksumMem.o PCIe.o KernelManagerBlockSync.o DualAspectReg.o PullPushAdapter.o FilePullSource.o max_shared_fifo.o SharedFIFO.o Fifos.o FilePushSink.o SimTerminator.o Watch.o StreamStatus.o RunLengthExpander.o ManagerBlock.o MappedElements.o ManagerSync.o PullSync.o PushSync.o DynamicVarUInt.o SimException.o DebugStreams.o AddressGenerator.o MemoryControllerPro.o MemoryControllerRAM.o MemoryControllerCommand.o MemoryControllerStreams.o MemoryControllerConfig.o TCP.o Ethernet.o Timestamp.o /opt/maxeler/maxcompiler/lib/lwip_sim/lib/liblwip.a
Fri 21:12: INFO    : make[1]: Leaving directory `/home/enrico.deiana/repo/MaxelerRTM/RTMQueue/RunRules/Simulation/maxfiles/Queue_VECTIS_DFE_SIM/scratch/software-sim/build'
Fri 21:12: INFO    : Build pass 'SimCompilePass' took 15.4411 s.
Fri 21:12: PROGRESS: (3/3) - Generate MaxFile (AddSimObjectToMaxFilePass)
Fri 21:12: INFO    : Build pass 'AddSimObjectToMaxFilePass' took 2.44316 s.
Fri 21:12: INFO    : Final result files after build: 
Fri 21:12: INFO    : Running command: ln -sf "../scratch/QueueKernel_Configuration.txt"
Fri 21:12: INFO    : QueueKernel_Configuration.txt (BuildFile)
Fri 21:12: INFO    : Running command: ln -sf "../scratch/QueueKernel_NodeDiary.txt"
Fri 21:12: INFO    : QueueKernel_NodeDiary.txt (BuildFile)
Fri 21:12: INFO    : Running command: ln -sf "../scratch/Queue.xml"
Fri 21:12: INFO    : Queue.xml (BuildFile)
Fri 21:12: INFO    : Running command: ln -sf "../scratch/Queue.h"
Fri 21:12: INFO    : Queue.h (BuildFileSlicH)
Fri 21:12: INFO    : Running command: ln -sf "../scratch/Queue.max"
Fri 21:12: INFO    : Queue.max (BuildFileMaxFile)
Fri 21:12: PROGRESS: MaxFile: /home/enrico.deiana/repo/MaxelerRTM/RTMQueue/RunRules/Simulation/maxfiles/Queue_VECTIS_DFE_SIM/results/Queue.max (MD5Sum: 9d01455baf2f2df4bb66ddd6114a83f3)
Fri 21:12: INFO    : Waiting for any outstanding jobs to finish... 
Fri 21:12: PROGRESS: Build completed: Fri May 31 21:12:57 CEST 2013 (took 20 secs)
