ven 02:45: PROGRESS: MaxCompiler version: 2013.1
ven 02:45: PROGRESS: Build "MovingAverageSimple" start time: Fri Jun 14 02:45:52 CEST 2013
ven 02:45: PROGRESS: Main build process running as user emanuele.delsozzo on host maxeler
ven 02:45: INFO    : Loading build properties from bundled MaxCompiler_build.conf...
ven 02:45: INFO    : Loading default build properties from /opt/maxeler/MaxCompiler_build.conf
ven 02:45: INFO    : User build properties not found in file: /home/emanuele.delsozzo/.MaxCompiler_build_user.conf
ven 02:45: INFO    : No user-specified external build property file has been specified.
ven 02:45: INFO    : (Set environment variable MAXCOMPILER_BUILD_CONF_FILE to assign one)
ven 02:45: PROGRESS: Build location: /home/emanuele.delsozzo/repo/MaxelerRTM/tutorial-chap03-example1-movingaveragesimple/RunRules/DFE/maxfiles/MovingAverageSimple_VECTIS_DFE
ven 02:45: PROGRESS: Detailed build log available in "_build.log"
ven 02:45: INFO    : Created build manager MovingAverageSimple (MovingAverageSimple_VECTIS_DFE Fri Jun 14 02:45:52 CEST 2013). (02:45:52 14/06/13)
ven 02:45: INFO    : Working in dir: /home/emanuele.delsozzo/repo/MaxelerRTM/tutorial-chap03-example1-movingaveragesimple/RunRules/DFE/maxfiles/MovingAverageSimple_VECTIS_DFE
ven 02:45: INFO    : Java class path (2 paths):
ven 02:45: INFO    : 	/home/emanuele.delsozzo/repo/MaxelerRTM/tutorial-chap03-example1-movingaveragesimple/EngineCode/bin
ven 02:45: INFO    : 	/opt/maxeler/maxcompiler/lib/MaxCompiler.jar
ven 02:45: INFO    : Java process started by 'main' method in class 'movingaveragesimple.MovingAverageSimpleManager'.
ven 02:45: INFO    : build.arbitrated_core_cache parameter is blank, not using core-cache
ven 02:45: INFO    : Checking license files in directory: /opt/maxeler/maxcompiler/licenses
ven 02:45: INFO    : All license signatures valid.
ven 02:45: INFO    : Backing-up source-files (old source files in build directory will be removed first)...
ven 02:45: INFO    : Source directories: /home/emanuele.delsozzo/repo/MaxelerRTM/tutorial-chap03-example1-movingaveragesimple/EngineCode/src:
ven 02:45: INFO    : Deleting directory: src
ven 02:46: ERROR   : ----------------------------
ven 02:46: ERROR   : Exception in thread "main":
ven 02:46: ERROR   :  
ven 02:46: ERROR   :   Found duplicate source file 
ven 02:46: ERROR   :   '/home/emanuele.delsozzo/repo/MaxelerRTM/tutorial-chap03-example1-movingaveragesimple/EngineCode/src/movingaveragesimple/MovingAverageSimpleKernel.maxj'.
ven 02:46: ERROR   :   This probably means overlapping source directories are included in 
ven 02:46: ERROR   :   MAXSOURCEDIRS.
ven 02:46: ERROR   : 
ven 02:46: ERROR   : Exception Stack Trace com.maxeler.maxdc.MaxDCException: 
ven 02:46: ERROR   :    at com.maxeler.maxdc.BuildManager.importSourceDir(BuildManager.java:402)
ven 02:46: ERROR   :    at com.maxeler.maxdc.BuildManager.importSourceDir(BuildManager.java:416)
ven 02:46: ERROR   :    at com.maxeler.maxdc.BuildManager.importSourceFiles(BuildManager.java:470)
ven 02:46: ERROR   :    at com.maxeler.maxdc.BuildManager.<init>(BuildManager.java:765)
ven 02:46: ERROR   :    at com.maxeler.maxcompiler.v2.managers.DFEManager.<init>(DFEManager.java:95)
ven 02:46: ERROR   :    at com.maxeler.maxcompiler.v2.managers.standard.Manager.<init>(Manager.java:209)
ven 02:46: ERROR   :    at movingaveragesimple.MovingAverageSimpleManager.main(MovingAverageSimpleManager.maxj:19)
ven 02:46: ERROR   : ----------------------------
