Reading model section from scheduler.mod...
90 lines were read
Reading data section from linearKernel_scheduler_2_C.dat...
681 lines were read
Generating schedulingEquation...
Generating bufferingEquation...
Generating afterFlushNode...
Generating forcePairConstraints...
Generating autoVarLatencyUserMin...
Generating autoVarLatencyUserMax...
Generating fifos...
Model has been successfully generated
ipp_basic_tech:  1 row(s) and 1 column(s) removed
ipp_reduce_bnds: 1 pass(es) made, 0 bound(s) reduced
ipp_basic_tech:  0 row(s) and 0 column(s) removed
ipp_reduce_coef: 1 pass(es) made, 0 coefficient(s) reduced
lpx_intopt: presolved MIP has 293 rows, 219 columns, 728 non-zeros
lpx_intopt: 219 integer columns, none of which are binary
lpx_adv_basis: size of triangular part = 293
Solving LP relaxation...
      0:   objval =  -1.465700000e+04   infeas =   1.000000000e+00 (0)
    200:   objval =   5.595600000e+04   infeas =   5.223880597e-03 (0)
    202:   objval =   5.986700000e+04   infeas =   0.000000000e+00 (0)
*   202:   objval =   5.986700000e+04   infeas =   0.000000000e+00 (0)
*   254:   objval =   1.057100000e+04   infeas =   0.000000000e+00 (0)
OPTIMAL SOLUTION FOUND
Integer optimization begins...
+   254: mip =     not found yet >=              -inf        (1; 0)
+   254: >>>>>   1.057100000e+04 >=   1.057100000e+04   0.0% (1; 0)
+   254: mip =   1.057100000e+04 >=     tree is empty   0.0% (0; 1)
INTEGER OPTIMAL SOLUTION FOUND
Time used:   0.0 secs
Memory used: 0.9 Mb (952039 bytes)
Model has been successfully processed
