Mon 20:05: ########################################## 
Mon 20:05: Compiling.
Mon 20:05: ########################################## 

Mon 20:05: MaxCompiler version: 2013.1.
Mon 20:05: Build Simulation run rule for RTMQueue start time: Mon Jun 10 20:05:17 CEST 2013.
Mon 20:05: Project location: /home/enrico.deiana/repo/MaxelerRTM/RTMQueue.
Mon 20:05: Detailed build log: /home/enrico.deiana/repo/MaxelerRTM/RTMQueue/RunRules/Simulation/build.log.

Mon 20:05: Compiling Engine Code.
Mon 20:05: Building Queue.max file. 
Mon 20:05: Setting environment variable:
Mon 20:05: MAXCOMPILER_BUILD_DIR : /home/enrico.deiana/repo/MaxelerRTM/RTMQueue/RunRules/Simulation/maxfiles
Mon 20:05: MAX_BUILDPARAMS : DFEModel='VECTIS' target='DFE_SIM' maxFileName='Queue'  
Mon 20:05: Building output:
Mon 20:05: MaxCompiler version: 2013.1
Mon 20:05: Build "Queue" start time: Mon Jun 10 20:05:19 CEST 2013
Mon 20:05: Main build process running as user enrico.deiana on host maxeler
Mon 20:05: Build location: /home/enrico.deiana/repo/MaxelerRTM/RTMQueue/RunRules/Simulation/maxfiles/Queue_VECTIS_DFE_SIM
Mon 20:05: Detailed build log available in "_build.log"
Mon 20:05: Instantiating manager
Mon 20:05: Instantiating kernel "QueueKernel"
Mon 20:05: Compiling manager (Configurable)
Mon 20:05: 
Mon 20:05: Compiling kernel "QueueKernel"
Mon 20:05: Running back-end simulation build (3 phases)
Mon 20:05: (1/3) - Prepare MaxFile Data (GenerateMaxFileDataFile)
Mon 20:05: (2/3) - Compile Simulation Modules (SimCompilePass)
Mon 20:05: (3/3) - Generate MaxFile (AddSimObjectToMaxFilePass)
Mon 20:05: MaxFile: /home/enrico.deiana/repo/MaxelerRTM/RTMQueue/RunRules/Simulation/maxfiles/Queue_VECTIS_DFE_SIM/results/Queue.max (MD5Sum: 305b7389582212e71ec529358a501b55)
Mon 20:05: Build completed: Mon Jun 10 20:05:33 CEST 2013 (took 13 secs)
Mon 20:05: Copying .max file. 
Mon 20:05: Executing command:
Mon 20:05: cp /home/enrico.deiana/repo/MaxelerRTM/RTMQueue/RunRules/Simulation/maxfiles/Queue_VECTIS_DFE_SIM/results/Queue.max /home/enrico.deiana/repo/MaxelerRTM/RTMQueue/RunRules/Simulation/maxfiles/Queue.max 
Mon 20:05: Command output:
Mon 20:05: Executing command:
Mon 20:05: cp /home/enrico.deiana/repo/MaxelerRTM/RTMQueue/RunRules/Simulation/maxfiles/Queue_VECTIS_DFE_SIM/results/Queue.h /home/enrico.deiana/repo/MaxelerRTM/RTMQueue/RunRules/Simulation/maxfiles/Queue.h 
Mon 20:05: Command output:
Mon 20:05: Executing command:
Mon 20:05: cp /home/enrico.deiana/repo/MaxelerRTM/RTMQueue/RunRules/Simulation/maxfiles/Queue_VECTIS_DFE_SIM/results/Queue.h /home/enrico.deiana/repo/MaxelerRTM/RTMQueue/RunRules/Simulation/include/Queue.h 
Mon 20:05: Command output:
Mon 20:05: Building: Queue.max file finished.
Mon 20:05: Engine build finished.
Mon 20:05: Compiling CPU Code.
Mon 20:05: Run CPU project make files updating
Mon 20:05: Executing command:
Mon 20:05: java -jar /opt/maxeler/maxcompiler/lib/MaxIDE/projectAdmin.jar -u /home/enrico.deiana/repo/MaxelerRTM/RTMQueue Simulation 
Mon 20:05: Command output:

Mon 20:05: MaxCompiler Project Admin Tool Version 2013.1.0
Mon 20:05:  Copyright Maxeler Technologies 2010 - 2013. All rights reserved.
Mon 20:05: Updating RunRule dependant Makefiles for RunRule 'Simulation'
Mon 20:05: Found makefiles: 1
Mon 20:05: 	Updated: Simulation
Mon 20:05: Run CPU make.
Mon 20:05: make RUNRULE=Simulation 
Mon 20:05: Command output:
Mon 20:05: make -f Makefile ../RunRules/Simulation/binaries/Queue
Mon 20:05: make[1]: Entering directory `/home/enrico.deiana/repo/MaxelerRTM/RTMQueue/CPUCode'
Mon 20:05: /opt/maxeler/maxcompiler/bin/sliccompile "../RunRules/Simulation/maxfiles/Queue.max" "../RunRules/Simulation/objects/slic_Queue.o"
Mon 20:05: cc -g -O3 -Wall -Wextra -fmessage-length=0 -I ../RunRules/Simulation/include -I. -I/opt/maxeler/maxcompiler/lib/maxeleros-sim/include -I/opt/maxeler/maxcompiler/include/slic -D_XOPEN_SOURCE=600  -std=c99 -DBUILDNAME_MAXFILE_1=Queue -DMAXFILE_1="Queue.max"  -o "../RunRules/Simulation/objects/QueueCpuCode.o" -c "QueueCpuCode.c"
Mon 20:05: cc -g -O3 -Wall -Wextra -fmessage-length=0 -I ../RunRules/Simulation/include -I. -I/opt/maxeler/maxcompiler/lib/maxeleros-sim/include -I/opt/maxeler/maxcompiler/include/slic -D_XOPEN_SOURCE=600  -std=c99 -DBUILDNAME_MAXFILE_1=Queue -DMAXFILE_1="Queue.max"  -MM -MP -MT "../RunRules/Simulation/objects/QueueCpuCode.o" "QueueCpuCode.c" > "../RunRules/Simulation/objects/QueueCpuCode.d"
Mon 20:05: cc ../RunRules/Simulation/objects/QueueCpuCode.o ../RunRules/Simulation/objects/slic_Queue.o  -L/opt/maxeler/maxcompiler/lib -L/opt/maxeler/maxcompiler/lib/maxeleros-sim/lib -lslic -lmaxeleros -lm -lpthread  -o "../RunRules/Simulation/binaries/Queue"
Mon 20:05: make[1]: Leaving directory `/home/enrico.deiana/repo/MaxelerRTM/RTMQueue/CPUCode'
Mon 20:05: Build completed: Mon Jun 10 20:05:38 CEST 2013


Mon 20:05: ########################################## 
Mon 20:05: Running
Mon 20:05: ########################################## 
Mon 20:05: Executing command:
Mon 20:05: '/home/enrico.deiana/repo/MaxelerRTM/RTMQueue/RunRules/Simulation/binaries/Queue' 
Mon 20:05: Command output:
Mon 20:05: Writing to LMem.
Mon 20:05: Running on DFE.

Mon 20:05: x=0 y=0 controller=1 a=3 sum=3 count=0

Mon 20:05: x=0 y=1 controller=0 a=3 sum=4 count=1

Mon 20:05: x=1 y=2 controller=1 a=3 sum=6 count=2

Mon 20:05: x=1 y=3 controller=0 a=3 sum=7 count=3

Mon 20:05: x=2 y=4 controller=1 a=3 sum=9 count=4

Mon 20:05: x=2 y=5 controller=0 a=3 sum=10 count=5

Mon 20:05: x=3 y=6 controller=1 a=3 sum=12 count=6

Mon 20:05: x=3 y=7 controller=0 a=3 sum=13 count=7

Mon 20:05: x=4 y=8 controller=1 a=3 sum=15 count=8

Mon 20:05: x=4 y=9 controller=0 a=3 sum=16 count=9

Mon 20:05: x=5 y=10 controller=1 a=3 sum=18 count=10

Mon 20:05: x=5 y=11 controller=0 a=3 sum=19 count=11

Mon 20:05: x=6 y=12 controller=1 a=3 sum=21 count=12

Mon 20:05: x=6 y=13 controller=0 a=3 sum=22 count=13

Mon 20:05: x=7 y=14 controller=1 a=3 sum=24 count=14

Mon 20:05: x=7 y=15 controller=0 a=3 sum=25 count=15

Mon 20:05: x=8 y=16 controller=1 a=3 sum=27 count=16

Mon 20:05: x=8 y=17 controller=0 a=3 sum=28 count=17

Mon 20:05: x=9 y=18 controller=1 a=3 sum=30 count=18

Mon 20:05: x=9 y=19 controller=0 a=3 sum=31 count=19

Mon 20:05: x=10 y=20 controller=1 a=3 sum=33 count=20

Mon 20:05: x=10 y=21 controller=0 a=3 sum=34 count=21

Mon 20:05: x=11 y=22 controller=1 a=3 sum=36 count=22

Mon 20:05: x=11 y=23 controller=0 a=3 sum=37 count=23

Mon 20:05: x=12 y=24 controller=1 a=3 sum=39 count=24

Mon 20:05: x=12 y=25 controller=0 a=3 sum=40 count=25

Mon 20:05: x=13 y=26 controller=1 a=3 sum=42 count=26

Mon 20:05: x=13 y=27 controller=0 a=3 sum=43 count=27

Mon 20:05: x=14 y=28 controller=1 a=3 sum=45 count=28

Mon 20:05: x=14 y=29 controller=0 a=3 sum=46 count=29

Mon 20:05: x=15 y=30 controller=1 a=3 sum=48 count=30

Mon 20:05: x=15 y=31 controller=0 a=3 sum=49 count=31

Mon 20:05: x=16 y=32 controller=1 a=3 sum=51 count=32

Mon 20:05: x=16 y=33 controller=0 a=3 sum=52 count=33

Mon 20:05: x=17 y=34 controller=1 a=3 sum=54 count=34

Mon 20:05: x=17 y=35 controller=0 a=3 sum=55 count=35

Mon 20:05: x=18 y=36 controller=1 a=3 sum=57 count=36

Mon 20:05: x=18 y=37 controller=0 a=3 sum=58 count=37

Mon 20:05: x=19 y=38 controller=1 a=3 sum=60 count=38

Mon 20:05: x=19 y=39 controller=0 a=3 sum=61 count=39

Mon 20:05: x=20 y=40 controller=1 a=3 sum=63 count=40

Mon 20:05: x=20 y=41 controller=0 a=3 sum=64 count=41

Mon 20:05: x=21 y=42 controller=1 a=3 sum=66 count=42

Mon 20:05: x=21 y=43 controller=0 a=3 sum=67 count=43

Mon 20:05: x=22 y=44 controller=1 a=3 sum=69 count=44

Mon 20:05: x=22 y=45 controller=0 a=3 sum=70 count=45

Mon 20:05: x=23 y=46 controller=1 a=3 sum=72 count=46

Mon 20:05: x=23 y=47 controller=0 a=3 sum=73 count=47

Mon 20:05: x=24 y=48 controller=1 a=3 sum=75 count=48

Mon 20:05: x=24 y=49 controller=0 a=3 sum=76 count=49

Mon 20:05: x=25 y=50 controller=1 a=3 sum=78 count=50

Mon 20:05: x=25 y=51 controller=0 a=3 sum=79 count=51

Mon 20:05: x=26 y=52 controller=1 a=3 sum=81 count=52

Mon 20:05: x=26 y=53 controller=0 a=3 sum=82 count=53

Mon 20:05: x=27 y=54 controller=1 a=3 sum=84 count=54

Mon 20:05: x=27 y=55 controller=0 a=3 sum=85 count=55

Mon 20:05: x=28 y=56 controller=1 a=3 sum=87 count=56

Mon 20:05: x=28 y=57 controller=0 a=3 sum=88 count=57

Mon 20:05: x=29 y=58 controller=1 a=3 sum=90 count=58

Mon 20:05: x=29 y=59 controller=0 a=3 sum=91 count=59

Mon 20:05: x=30 y=60 controller=1 a=3 sum=93 count=60

Mon 20:05: x=30 y=61 controller=0 a=3 sum=94 count=61

Mon 20:05: x=31 y=62 controller=1 a=3 sum=96 count=62

Mon 20:05: x=31 y=63 controller=0 a=3 sum=97 count=63

Mon 20:05: x=32 y=64 controller=1 a=3 sum=99 count=64

Mon 20:05: x=32 y=65 controller=0 a=3 sum=100 count=65

Mon 20:05: x=33 y=66 controller=1 a=3 sum=102 count=66

Mon 20:05: x=33 y=67 controller=0 a=3 sum=103 count=67

Mon 20:05: x=34 y=68 controller=1 a=3 sum=105 count=68

Mon 20:05: x=34 y=69 controller=0 a=3 sum=106 count=69

Mon 20:05: x=35 y=70 controller=1 a=3 sum=108 count=70

Mon 20:05: x=35 y=71 controller=0 a=3 sum=109 count=71

Mon 20:05: x=36 y=72 controller=1 a=3 sum=111 count=72

Mon 20:05: x=36 y=73 controller=0 a=3 sum=112 count=73

Mon 20:05: x=37 y=74 controller=1 a=3 sum=114 count=74

Mon 20:05: x=37 y=75 controller=0 a=3 sum=115 count=75

Mon 20:05: x=38 y=76 controller=1 a=3 sum=117 count=76

Mon 20:05: x=38 y=77 controller=0 a=3 sum=118 count=77

Mon 20:05: x=39 y=78 controller=1 a=3 sum=120 count=78

Mon 20:05: x=39 y=79 controller=0 a=3 sum=121 count=79

Mon 20:05: x=40 y=80 controller=1 a=3 sum=123 count=80

Mon 20:05: x=40 y=81 controller=0 a=3 sum=124 count=81

Mon 20:05: x=41 y=82 controller=1 a=3 sum=126 count=82

Mon 20:05: x=41 y=83 controller=0 a=3 sum=127 count=83

Mon 20:05: x=42 y=84 controller=1 a=3 sum=129 count=84

Mon 20:05: x=42 y=85 controller=0 a=3 sum=130 count=85

Mon 20:05: x=43 y=86 controller=1 a=3 sum=132 count=86

Mon 20:05: x=43 y=87 controller=0 a=3 sum=133 count=87

Mon 20:05: x=44 y=88 controller=1 a=3 sum=135 count=88

Mon 20:05: x=44 y=89 controller=0 a=3 sum=136 count=89

Mon 20:05: x=45 y=90 controller=1 a=3 sum=138 count=90

Mon 20:05: x=45 y=91 controller=0 a=3 sum=139 count=91

Mon 20:05: x=46 y=92 controller=1 a=3 sum=141 count=92

Mon 20:05: x=46 y=93 controller=0 a=3 sum=142 count=93

Mon 20:05: x=47 y=94 controller=1 a=3 sum=144 count=94

Mon 20:05: x=47 y=95 controller=0 a=3 sum=145 count=95

Mon 20:05: x=48 y=96 controller=1 a=3 sum=147 count=96

Mon 20:05: x=48 y=97 controller=0 a=3 sum=148 count=97

Mon 20:05: x=49 y=98 controller=1 a=3 sum=150 count=98

Mon 20:05: x=49 y=99 controller=0 a=3 sum=151 count=99

Mon 20:05: x=50 y=100 controller=1 a=3 sum=153 count=100

Mon 20:05: x=50 y=101 controller=0 a=3 sum=154 count=101

Mon 20:05: x=51 y=102 controller=1 a=3 sum=156 count=102

Mon 20:05: x=51 y=103 controller=0 a=3 sum=157 count=103

Mon 20:05: x=52 y=104 controller=1 a=3 sum=159 count=104

Mon 20:05: x=52 y=105 controller=0 a=3 sum=160 count=105

Mon 20:05: x=53 y=106 controller=1 a=3 sum=162 count=106

Mon 20:05: x=53 y=107 controller=0 a=3 sum=163 count=107

Mon 20:05: x=54 y=108 controller=1 a=3 sum=165 count=108

Mon 20:05: x=54 y=109 controller=0 a=3 sum=166 count=109

Mon 20:05: x=55 y=110 controller=1 a=3 sum=168 count=110

Mon 20:05: x=55 y=111 controller=0 a=3 sum=169 count=111

Mon 20:05: x=56 y=112 controller=1 a=3 sum=171 count=112

Mon 20:05: x=56 y=113 controller=0 a=3 sum=172 count=113

Mon 20:05: x=57 y=114 controller=1 a=3 sum=174 count=114

Mon 20:05: x=57 y=115 controller=0 a=3 sum=175 count=115

Mon 20:05: x=58 y=116 controller=1 a=3 sum=177 count=116

Mon 20:05: x=58 y=117 controller=0 a=3 sum=178 count=117

Mon 20:05: x=59 y=118 controller=1 a=3 sum=180 count=118

Mon 20:05: x=59 y=119 controller=0 a=3 sum=181 count=119

Mon 20:05: x=60 y=120 controller=1 a=3 sum=183 count=120

Mon 20:05: x=60 y=121 controller=0 a=3 sum=184 count=121

Mon 20:05: x=61 y=122 controller=1 a=3 sum=186 count=122

Mon 20:05: x=61 y=123 controller=0 a=3 sum=187 count=123

Mon 20:05: x=62 y=124 controller=1 a=3 sum=189 count=124

Mon 20:05: x=62 y=125 controller=0 a=3 sum=190 count=125

Mon 20:05: x=63 y=126 controller=1 a=3 sum=192 count=126

Mon 20:05: x=63 y=127 controller=0 a=3 sum=193 count=127

Mon 20:05: x=64 y=128 controller=1 a=3 sum=195 count=128

Mon 20:05: x=64 y=129 controller=0 a=3 sum=196 count=129

Mon 20:05: x=65 y=130 controller=1 a=3 sum=198 count=130

Mon 20:05: x=65 y=131 controller=0 a=3 sum=199 count=131

Mon 20:05: x=66 y=132 controller=1 a=3 sum=201 count=132

Mon 20:05: x=66 y=133 controller=0 a=3 sum=202 count=133

Mon 20:05: x=67 y=134 controller=1 a=3 sum=204 count=134

Mon 20:05: x=67 y=135 controller=0 a=3 sum=205 count=135

Mon 20:05: x=68 y=136 controller=1 a=3 sum=207 count=136

Mon 20:05: x=68 y=137 controller=0 a=3 sum=208 count=137

Mon 20:05: x=69 y=138 controller=1 a=3 sum=210 count=138

Mon 20:05: x=69 y=139 controller=0 a=3 sum=211 count=139

Mon 20:05: x=70 y=140 controller=1 a=3 sum=213 count=140

Mon 20:05: x=70 y=141 controller=0 a=3 sum=214 count=141

Mon 20:05: x=71 y=142 controller=1 a=3 sum=216 count=142

Mon 20:05: x=71 y=143 controller=0 a=3 sum=217 count=143

Mon 20:05: x=72 y=144 contr
Mon 20:05: oller=1 a=3 sum=219 count=144

Mon 20:05: x=72 y=145 controller=0 a=3 sum=220 count=145

Mon 20:05: x=73 y=146 controller=1 a=3 sum=222 count=146

Mon 20:05: x=73 y=147 controller=0 a=3 sum=223 count=147

Mon 20:05: x=74 y=148 controller=1 a=3 sum=225 count=148

Mon 20:05: x=74 y=149 controller=0 a=3 sum=226 count=149

Mon 20:05: x=75 y=150 controller=1 a=3 sum=228 count=150

Mon 20:05: x=75 y=151 controller=0 a=3 sum=229 count=151

Mon 20:05: x=76 y=152 controller=1 a=3 sum=231 count=152

Mon 20:05: x=76 y=153 controller=0 a=3 sum=232 count=153

Mon 20:05: x=77 y=154 controller=1 a=3 sum=234 count=154

Mon 20:05: x=77 y=155 controller=0 a=3 sum=235 count=155

Mon 20:05: x=78 y=156 controller=1 a=3 sum=237 count=156

Mon 20:05: x=78 y=157 controller=0 a=3 sum=238 count=157

Mon 20:05: x=79 y=158 controller=1 a=3 sum=240 count=158

Mon 20:05: x=79 y=159 controller=0 a=3 sum=241 count=159

Mon 20:05: x=80 y=160 controller=1 a=3 sum=243 count=160

Mon 20:05: x=80 y=161 controller=0 a=3 sum=244 count=161

Mon 20:05: x=81 y=162 controller=1 a=3 sum=246 count=162

Mon 20:05: x=81 y=163 controller=0 a=3 sum=247 count=163

Mon 20:05: x=82 y=164 controller=1 a=3 sum=249 count=164

Mon 20:05: x=82 y=165 controller=0 a=3 sum=250 count=165

Mon 20:05: x=83 y=166 controller=1 a=3 sum=252 count=166

Mon 20:05: x=83 y=167 controller=0 a=3 sum=253 count=167

Mon 20:05: x=84 y=168 controller=1 a=3 sum=255 count=168

Mon 20:05: x=84 y=169 controller=0 a=3 sum=256 count=169

Mon 20:05: x=85 y=170 controller=1 a=3 sum=258 count=170

Mon 20:05: x=85 y=171 controller=0 a=3 sum=259 count=171

Mon 20:05: x=86 y=172 controller=1 a=3 sum=261 count=172

Mon 20:05: x=86 y=173 controller=0 a=3 sum=262 count=173

Mon 20:05: x=87 y=174 controller=1 a=3 sum=264 count=174

Mon 20:05: x=87 y=175 controller=0 a=3 sum=265 count=175

Mon 20:05: x=88 y=176 controller=1 a=3 sum=267 count=176

Mon 20:05: x=88 y=177 controller=0 a=3 sum=268 count=177

Mon 20:05: x=89 y=178 controller=1 a=3 sum=270 count=178

Mon 20:05: x=89 y=179 controller=0 a=3 sum=271 count=179

Mon 20:05: x=90 y=180 controller=1 a=3 sum=273 count=180

Mon 20:05: x=90 y=181 controller=0 a=3 sum=274 count=181

Mon 20:05: x=91 y=182 controller=1 a=3 sum=276 count=182

Mon 20:05: x=91 y=183 controller=0 a=3 sum=277 count=183

Mon 20:05: x=92 y=184 controller=1 a=3 sum=279 count=184

Mon 20:05: x=92 y=185 controller=0 a=3 sum=280 count=185

Mon 20:05: x=93 y=186 controller=1 a=3 sum=282 count=186

Mon 20:05: x=93 y=187 controller=0 a=3 sum=283 count=187

Mon 20:05: x=94 y=188 controller=1 a=3 sum=285 count=188

Mon 20:05: x=94 y=189 controller=0 a=3 sum=286 count=189

Mon 20:05: x=95 y=190 controller=1 a=3 sum=288 count=190

Mon 20:05: x=95 y=191 controller=0 a=3 sum=289 count=191

Mon 20:05: x=96 y=192 controller=1 a=3 sum=291 count=192

Mon 20:05: x=96 y=193 controller=0 a=3 sum=292 count=193

Mon 20:05: x=97 y=194 controller=1 a=3 sum=294 count=194

Mon 20:05: x=97 y=195 controller=0 a=3 sum=295 count=195

Mon 20:05: x=98 y=196 controller=1 a=3 sum=297 count=196

Mon 20:05: x=98 y=197 controller=0 a=3 sum=298 count=197

Mon 20:05: x=99 y=198 controller=1 a=3 sum=300 count=198

Mon 20:05: x=99 y=199 controller=0 a=3 sum=301 count=199

Mon 20:05: x=100 y=200 controller=1 a=3 sum=303 count=200

Mon 20:05: x=100 y=201 controller=0 a=3 sum=304 count=201

Mon 20:05: x=101 y=202 controller=1 a=3 sum=306 count=202

Mon 20:05: x=101 y=203 controller=0 a=3 sum=307 count=203

Mon 20:05: x=102 y=204 controller=1 a=3 sum=309 count=204

Mon 20:05: x=102 y=205 controller=0 a=3 sum=310 count=205

Mon 20:05: x=103 y=206 controller=1 a=3 sum=312 count=206

Mon 20:05: x=103 y=207 controller=0 a=3 sum=313 count=207

Mon 20:05: x=104 y=208 controller=1 a=3 sum=315 count=208

Mon 20:05: x=104 y=209 controller=0 a=3 sum=316 count=209

Mon 20:05: x=105 y=210 controller=1 a=3 sum=318 count=210

Mon 20:05: x=105 y=211 controller=0 a=3 sum=319 count=211

Mon 20:05: x=106 y=212 controller=1 a=3 sum=321 count=212

Mon 20:05: x=106 y=213 controller=0 a=3 sum=322 count=213

Mon 20:05: x=107 y=214 controller=1 a=3 sum=324 count=214

Mon 20:05: x=107 y=215 controller=0 a=3 sum=325 count=215

Mon 20:05: x=108 y=216 controller=1 a=3 sum=327 count=216

Mon 20:05: x=108 y=217 controller=0 a=3 sum=328 count=217

Mon 20:05: x=109 y=218 controller=1 a=3 sum=330 count=218

Mon 20:05: x=109 y=219 controller=0 a=3 sum=331 count=219

Mon 20:05: x=110 y=220 controller=1 a=3 sum=333 count=220

Mon 20:05: x=110 y=221 controller=0 a=3 sum=334 count=221

Mon 20:05: x=111 y=222 controller=1 a=3 sum=336 count=222

Mon 20:05: x=111 y=223 controller=0 a=3 sum=337 count=223

Mon 20:05: x=112 y=224 controller=1 a=3 sum=339 count=224

Mon 20:05: x=112 y=225 controller=0 a=3 sum=340 count=225

Mon 20:05: x=113 y=226 controller=1 a=3 sum=342 count=226

Mon 20:05: x=113 y=227 contr
Mon 20:05: oller=0 a=3 sum=343 count=227

Mon 20:05: x=114 y=228 controller=1 a=3 sum=345 count=228

Mon 20:05: x=114 y=229 controller=0 a=3 sum=346 count=229

Mon 20:05: x=115 y=230 controller=1 a=3 sum=348 count=230

Mon 20:05: x=115 y=231 controller=0 a=3 sum=349 count=231

Mon 20:05: x=116 y=232 controller=1 a=3 sum=351 count=232

Mon 20:05: x=116 y=233 controller=0 a=3 sum=352 count=233

Mon 20:05: x=117 y=234 controller=1 a=3 sum=354 count=234

Mon 20:05: x=117 y=235 controller=0 a=3 sum=355 count=235

Mon 20:05: x=118 y=236 controller=1 a=3 sum=357 count=236

Mon 20:05: x=118 y=237 controller=0 a=3 sum=358 count=237

Mon 20:05: x=119 y=238 controller=1 a=3 sum=360 count=238

Mon 20:05: x=119 y=239 controller=0 a=3 sum=361 count=239

Mon 20:05: x=120 y=240 controller=1 a=3 sum=363 count=240

Mon 20:05: x=120 y=241 controller=0 a=3 sum=364 count=241

Mon 20:05: x=121 y=242 controller=1 a=3 sum=366 count=242

Mon 20:05: x=121 y=243 controller=0 a=3 sum=367 count=243

Mon 20:05: x=122 y=244 controller=1 a=3 sum=369 count=244

Mon 20:05: x=122 y=245 controller=0 a=3 sum=370 count=245

Mon 20:05: x=123 y=246 controller=1 a=3 sum=372 count=246

Mon 20:05: x=123 y=247 controller=0 a=3 sum=373 count=247

Mon 20:05: x=124 y=248 controller=1 a=3 sum=375 count=248

Mon 20:05: x=124 y=249 controller=0 a=3 sum=376 count=249

Mon 20:05: x=125 y=250 controller=1 a=3 sum=378 count=250

Mon 20:05: x=125 y=251 controller=0 a=3 sum=379 count=251

Mon 20:05: x=126 y=252 controller=1 a=3 sum=381 count=252

Mon 20:05: x=126 y=253 controller=0 a=3 sum=382 count=253

Mon 20:05: x=127 y=254 controller=1 a=3 sum=384 count=254

Mon 20:05: x=127 y=255 controller=0 a=3 sum=385 count=255

Mon 20:05: x=128 y=256 controller=1 a=3 sum=387 count=256

Mon 20:05: x=128 y=257 controller=0 a=3 sum=388 count=257

Mon 20:05: x=129 y=258 controller=1 a=3 sum=390 count=258

Mon 20:05: x=129 y=259 controller=0 a=3 sum=391 count=259

Mon 20:05: x=130 y=260 controller=1 a=3 sum=393 count=260

Mon 20:05: x=130 y=261 controller=0 a=3 sum=394 count=261

Mon 20:05: x=131 y=262 controller=1 a=3 sum=396 count=262

Mon 20:05: x=131 y=263 controller=0 a=3 sum=397 count=263

Mon 20:05: x=132 y=264 controller=1 a=3 sum=399 count=264

Mon 20:05: x=132 y=265 controller=0 a=3 sum=400 count=265

Mon 20:05: x=133 y=266 controller=1 a=3 sum=402 count=266

Mon 20:05: x=133 y=267 controller=0 a=3 sum=403 count=267

Mon 20:05: x=134 y=268 controller=1 a=3 sum=405 count=268

Mon 20:05: x=134 y=269 controller=0 a=3 sum=406 count=269

Mon 20:05: x=135 y=270 controller=1 a=3 sum=408 count=270

Mon 20:05: x=135 y=271 controller=0 a=3 sum=409 count=271

Mon 20:05: x=136 y=272 controller=1 a=3 sum=411 count=272

Mon 20:05: x=136 y=273 controller=0 a=3 sum=412 count=273

Mon 20:05: x=137 y=274 controller=1 a=3 sum=414 count=274

Mon 20:05: x=137 y=275 controller=0 a=3 sum=415 count=275

Mon 20:05: x=138 y=276 controller=1 a=3 sum=417 count=276

Mon 20:05: x=138 y=277 controller=0 a=3 sum=418 count=277

Mon 20:05: x=139 y=278 controller=1 a=3 sum=420 count=278

Mon 20:05: x=139 y=279 controller=0 a=3 sum=421 count=279

Mon 20:05: x=140 y=280 controller=1 a=3 sum=423 count=280

Mon 20:05: x=140 y=281 controller=0 a=3 sum=424 count=281

Mon 20:05: x=141 y=282 controller=1 a=3 sum=426 count=282

Mon 20:05: x=141 y=283 controller=0 a=3 sum=427 count=283

Mon 20:05: x=142 y=284 controller=1 a=3 sum=429 count=284

Mon 20:05: x=142 y=285 controller=0 a=3 sum=430 count=285

Mon 20:05: x=143 y=286 controller=1 a=3 sum=432 count=286

Mon 20:05: x=143 y=287 controller=0 a=3 sum=433 count=287

Mon 20:05: x=144 y=288 controller=1 a=3 sum=435 count=288

Mon 20:05: x=144 y=289 controller=0 a=3 sum=436 count=289

Mon 20:05: x=145 y=290 controller=1 a=3 sum=438 count=290

Mon 20:05: x=145 y=291 controller=0 a=3 sum=439 count=291

Mon 20:05: x=146 y=292 controller=1 a=3 sum=441 count=292

Mon 20:05: x=146 y=293 controller=0 a=3 sum=442 count=293

Mon 20:05: x=147 y=294 controller=1 a=3 sum=444 count=294

Mon 20:05: x=147 y=295 controller=0 a=3 sum=445 count=295

Mon 20:05: x=148 y=296 controller=1 a=3 sum=447 count=296

Mon 20:05: x=148 y=297 controller=0 a=3 sum=448 count=297

Mon 20:05: x=149 y=298 controller=1 a=3 sum=450 count=298

Mon 20:05: x=149 y=299 controller=0 a=3 sum=451 count=299

Mon 20:05: x=150 y=300 controller=1 a=3 sum=453 count=300

Mon 20:05: x=150 y=301 controller=0 a=3 sum=454 count=301

Mon 20:05: x=151 y=302 controller=1 a=3 sum=456 count=302

Mon 20:05: x=151 y=303 controller=0 a=3 sum=457 count=303

Mon 20:05: x=152 y=304 controller=1 a=3 sum=459 count=304

Mon 20:05: x=152 y=305 controller=0 a=3 sum=460 count=305

Mon 20:05: x=153 y=306 controller=1 a=3 sum=462 count=306

Mon 20:05: x=153 y=307 controller=0 a=3 sum=463 count=307

Mon 20:05: x=154 y=308 controller=1 a=3 sum=465 count=308

Mon 20:05: x=154 y=309 
Mon 20:05: controller=0 a=3 sum=466 count=309

Mon 20:05: x=155 y=310 controller=1 a=3 sum=468 count=310

Mon 20:05: x=155 y=311 controller=0 a=3 sum=469 count=311

Mon 20:05: x=156 y=312 controller=1 a=3 sum=471 count=312

Mon 20:05: x=156 y=313 controller=0 a=3 sum=472 count=313

Mon 20:05: x=157 y=314 controller=1 a=3 sum=474 count=314

Mon 20:05: x=157 y=315 controller=0 a=3 sum=475 count=315

Mon 20:05: x=158 y=316 controller=1 a=3 sum=477 count=316

Mon 20:05: x=158 y=317 controller=0 a=3 sum=478 count=317

Mon 20:05: x=159 y=318 controller=1 a=3 sum=480 count=318

Mon 20:05: x=159 y=319 controller=0 a=3 sum=481 count=319

Mon 20:05: x=160 y=320 controller=1 a=3 sum=483 count=320

Mon 20:05: x=160 y=321 controller=0 a=3 sum=484 count=321

Mon 20:05: x=161 y=322 controller=1 a=3 sum=486 count=322

Mon 20:05: x=161 y=323 controller=0 a=3 sum=487 count=323

Mon 20:05: x=162 y=324 controller=1 a=3 sum=489 count=324

Mon 20:05: x=162 y=325 controller=0 a=3 sum=490 count=325

Mon 20:05: x=163 y=326 controller=1 a=3 sum=492 count=326

Mon 20:05: x=163 y=327 controller=0 a=3 sum=493 count=327

Mon 20:05: x=164 y=328 controller=1 a=3 sum=495 count=328

Mon 20:05: x=164 y=329 controller=0 a=3 sum=496 count=329

Mon 20:05: x=165 y=330 controller=1 a=3 sum=498 count=330

Mon 20:05: x=165 y=331 controller=0 a=3 sum=499 count=331

Mon 20:05: x=166 y=332 controller=1 a=3 sum=501 count=332

Mon 20:05: x=166 y=333 controller=0 a=3 sum=502 count=333

Mon 20:05: x=167 y=334 controller=1 a=3 sum=504 count=334

Mon 20:05: x=167 y=335 controller=0 a=3 sum=505 count=335

Mon 20:05: x=168 y=336 controller=1 a=3 sum=507 count=336

Mon 20:05: x=168 y=337 controller=0 a=3 sum=508 count=337

Mon 20:05: x=169 y=338 controller=1 a=3 sum=510 count=338

Mon 20:05: x=169 y=339 controller=0 a=3 sum=511 count=339

Mon 20:05: x=170 y=340 controller=1 a=3 sum=513 count=340

Mon 20:05: x=170 y=341 controller=0 a=3 sum=514 count=341

Mon 20:05: x=171 y=342 controller=1 a=3 sum=516 count=342

Mon 20:05: x=171 y=343 controller=0 a=3 sum=517 count=343

Mon 20:05: x=172 y=344 controller=1 a=3 sum=519 count=344

Mon 20:05: x=172 y=345 controller=0 a=3 sum=520 count=345

Mon 20:05: x=173 y=346 controller=1 a=3 sum=522 count=346

Mon 20:05: x=173 y=347 controller=0 a=3 sum=523 count=347

Mon 20:05: x=174 y=348 controller=1 a=3 sum=525 count=348

Mon 20:05: x=174 y=349 controller=0 a=3 sum=526 count=349

Mon 20:05: x=175 y=350 controller=1 a=3 sum=528 count=350

Mon 20:05: x=175 y=351 controller=0 a=3 sum=529 count=351

Mon 20:05: x=176 y=352 controller=1 a=3 sum=531 count=352

Mon 20:05: x=176 y=353 controller=0 a=3 sum=532 count=353

Mon 20:05: x=177 y=354 controller=1 a=3 sum=534 count=354

Mon 20:05: x=177 y=355 controller=0 a=3 sum=535 count=355

Mon 20:05: x=178 y=356 controller=1 a=3 sum=537 count=356

Mon 20:05: x=178 y=357 controller=0 a=3 sum=538 count=357

Mon 20:05: x=179 y=358 controller=1 a=3 sum=540 count=358

Mon 20:05: x=179 y=359 controller=0 a=3 sum=541 count=359

Mon 20:05: x=180 y=360 controller=1 a=3 sum=543 count=360

Mon 20:05: x=180 y=361 controller=0 a=3 sum=544 count=361

Mon 20:05: x=181 y=362 controller=1 a=3 sum=546 count=362

Mon 20:05: x=181 y=363 controller=0 a=3 sum=547 count=363

Mon 20:05: x=182 y=364 controller=1 a=3 sum=549 count=364

Mon 20:05: x=182 y=365 controller=0 a=3 sum=550 count=365

Mon 20:05: x=183 y=366 controller=1 a=3 sum=552 count=366

Mon 20:05: x=183 y=367 controller=0 a=3 sum=553 count=367

Mon 20:05: x=184 y=368 controller=1 a=3 sum=555 count=368

Mon 20:05: x=184 y=369 controller=0 a=3 sum=556 count=369

Mon 20:05: x=185 y=370 controller=1 a=3 sum=558 count=370

Mon 20:05: x=185 y=371 controller=0 a=3 sum=559 count=371

Mon 20:05: x=186 y=372 controller=1 a=3 sum=561 count=372

Mon 20:05: x=186 y=373 controller=0 a=3 sum=562 count=373

Mon 20:05: x=187 y=374 controller=1 a=3 sum=564 count=374

Mon 20:05: x=187 y=375 controller=0 a=3 sum=565 count=375

Mon 20:05: x=188 y=376 controller=1 a=3 sum=567 count=376

Mon 20:05: x=188 y=377 controller=0 a=3 sum=568 count=377

Mon 20:05: x=189 y=378 controller=1 a=3 sum=570 count=378

Mon 20:05: x=189 y=379 controller=0 a=3 sum=571 count=379

Mon 20:05: x=190 y=380 controller=1 a=3 sum=573 count=380

Mon 20:05: x=190 y=381 controller=0 a=3 sum=574 count=381

Mon 20:05: x=191 y=382 controller=1 a=3 sum=576 count=382

Mon 20:05: x=191 y=383 controller=0 a=3 sum=577 count=383

Mon 20:05: x=192 y=384 controller=1 a=3 sum=579 count=384

Mon 20:05: x=192 y=385 controller=0 a=3 sum=580 count=385

Mon 20:05: x=193 y=386 controller=1 a=3 sum=582 count=386

Mon 20:05: x=193 y=387 controller=0 a=3 sum=583 count=387

Mon 20:05: x=194 y=388 controller=1 a=3 sum=585 count=388

Mon 20:05: x=194 y=389 controller=0 a=3 sum=586 count=389

Mon 20:05: x=195 y=390 controller=1 a=3 sum=588 count=390

Mon 20:05: x=195 y
Mon 20:05: =391 controller=0 a=3 sum=589 count=391

Mon 20:05: x=196 y=392 controller=1 a=3 sum=591 count=392

Mon 20:05: x=196 y=393 controller=0 a=3 sum=592 count=393

Mon 20:05: x=197 y=394 controller=1 a=3 sum=594 count=394

Mon 20:05: x=197 y=395 controller=0 a=3 sum=595 count=395

Mon 20:05: x=198 y=396 controller=1 a=3 sum=597 count=396

Mon 20:05: x=198 y=397 controller=0 a=3 sum=598 count=397

Mon 20:05: x=199 y=398 controller=1 a=3 sum=600 count=398

Mon 20:05: x=199 y=399 controller=0 a=3 sum=601 count=399

Mon 20:05: x=200 y=400 controller=1 a=3 sum=603 count=400

Mon 20:05: x=200 y=401 controller=0 a=3 sum=604 count=401

Mon 20:05: x=201 y=402 controller=1 a=3 sum=606 count=402

Mon 20:05: x=201 y=403 controller=0 a=3 sum=607 count=403

Mon 20:05: x=202 y=404 controller=1 a=3 sum=609 count=404

Mon 20:05: x=202 y=405 controller=0 a=3 sum=610 count=405

Mon 20:05: x=203 y=406 controller=1 a=3 sum=612 count=406

Mon 20:05: x=203 y=407 controller=0 a=3 sum=613 count=407

Mon 20:05: x=204 y=408 controller=1 a=3 sum=615 count=408

Mon 20:05: x=204 y=409 controller=0 a=3 sum=616 count=409

Mon 20:05: x=205 y=410 controller=1 a=3 sum=618 count=410

Mon 20:05: x=205 y=411 controller=0 a=3 sum=619 count=411

Mon 20:05: x=206 y=412 controller=1 a=3 sum=621 count=412

Mon 20:05: x=206 y=413 controller=0 a=3 sum=622 count=413

Mon 20:05: x=207 y=414 controller=1 a=3 sum=624 count=414

Mon 20:05: x=207 y=415 controller=0 a=3 sum=625 count=415

Mon 20:05: x=208 y=416 controller=1 a=3 sum=627 count=416

Mon 20:05: x=208 y=417 controller=0 a=3 sum=628 count=417

Mon 20:05: x=209 y=418 controller=1 a=3 sum=630 count=418

Mon 20:05: x=209 y=419 controller=0 a=3 sum=631 count=419

Mon 20:05: x=210 y=420 controller=1 a=3 sum=633 count=420

Mon 20:05: x=210 y=421 controller=0 a=3 sum=634 count=421

Mon 20:05: x=211 y=422 controller=1 a=3 sum=636 count=422

Mon 20:05: x=211 y=423 controller=0 a=3 sum=637 count=423

Mon 20:05: x=212 y=424 controller=1 a=3 sum=639 count=424

Mon 20:05: x=212 y=425 controller=0 a=3 sum=640 count=425

Mon 20:05: x=213 y=426 controller=1 a=3 sum=642 count=426

Mon 20:05: x=213 y=427 controller=0 a=3 sum=643 count=427

Mon 20:05: x=214 y=428 controller=1 a=3 sum=645 count=428

Mon 20:05: x=214 y=429 controller=0 a=3 sum=646 count=429

Mon 20:05: x=215 y=430 controller=1 a=3 sum=648 count=430

Mon 20:05: x=215 y=431 controller=0 a=3 sum=649 count=431

Mon 20:05: x=216 y=432 controller=1 a=3 sum=651 count=432

Mon 20:05: x=216 y=433 controller=0 a=3 sum=652 count=433

Mon 20:05: x=217 y=434 controller=1 a=3 sum=654 count=434

Mon 20:05: x=217 y=435 controller=0 a=3 sum=655 count=435

Mon 20:05: x=218 y=436 controller=1 a=3 sum=657 count=436

Mon 20:05: x=218 y=437 controller=0 a=3 sum=658 count=437

Mon 20:05: x=219 y=438 controller=1 a=3 sum=660 count=438

Mon 20:05: x=219 y=439 controller=0 a=3 sum=661 count=439

Mon 20:05: x=220 y=440 controller=1 a=3 sum=663 count=440

Mon 20:05: x=220 y=441 controller=0 a=3 sum=664 count=441

Mon 20:05: x=221 y=442 controller=1 a=3 sum=666 count=442

Mon 20:05: x=221 y=443 controller=0 a=3 sum=667 count=443

Mon 20:05: x=222 y=444 controller=1 a=3 sum=669 count=444

Mon 20:05: x=222 y=445 controller=0 a=3 sum=670 count=445

Mon 20:05: x=223 y=446 controller=1 a=3 sum=672 count=446

Mon 20:05: x=223 y=447 controller=0 a=3 sum=673 count=447

Mon 20:05: x=224 y=448 controller=1 a=3 sum=675 count=448

Mon 20:05: x=224 y=449 controller=0 a=3 sum=676 count=449

Mon 20:05: x=225 y=450 controller=1 a=3 sum=678 count=450

Mon 20:05: x=225 y=451 controller=0 a=3 sum=679 count=451

Mon 20:05: x=226 y=452 controller=1 a=3 sum=681 count=452

Mon 20:05: x=226 y=453 controller=0 a=3 sum=682 count=453

Mon 20:05: x=227 y=454 controller=1 a=3 sum=684 count=454

Mon 20:05: x=227 y=455 controller=0 a=3 sum=685 count=455

Mon 20:05: x=228 y=456 controller=1 a=3 sum=687 count=456

Mon 20:05: x=228 y=457 controller=0 a=3 sum=688 count=457

Mon 20:05: x=229 y=458 controller=1 a=3 sum=690 count=458

Mon 20:05: x=229 y=459 controller=0 a=3 sum=691 count=459

Mon 20:05: x=230 y=460 controller=1 a=3 sum=693 count=460

Mon 20:05: x=230 y=461 controller=0 a=3 sum=694 count=461

Mon 20:05: x=231 y=462 controller=1 a=3 sum=696 count=462

Mon 20:05: x=231 y=463 controller=0 a=3 sum=697 count=463

Mon 20:05: x=232 y=464 controller=1 a=3 sum=699 count=464

Mon 20:05: x=232 y=465 controller=0 a=3 sum=700 count=465

Mon 20:05: x=233 y=466 controller=1 a=3 sum=702 count=466

Mon 20:05: x=233 y=467 controller=0 a=3 sum=703 count=467

Mon 20:05: x=234 y=468 controller=1 a=3 sum=705 count=468

Mon 20:05: x=234 y=469 controller=0 a=3 sum=706 count=469

Mon 20:05: x=235 y=470 controller=1 a=3 sum=708 count=470

Mon 20:05: x=235 y=471 controller=0 a=3 sum=709 count=471

Mon 20:05: x=236 y=472 controller=1 a=3 sum=711 count=472

Mon 20:05: x=
Mon 20:05: 236 y=473 controller=0 a=3 sum=712 count=473

Mon 20:05: x=237 y=474 controller=1 a=3 sum=714 count=474

Mon 20:05: x=237 y=475 controller=0 a=3 sum=715 count=475

Mon 20:05: x=238 y=476 controller=1 a=3 sum=717 count=476

Mon 20:05: x=238 y=477 controller=0 a=3 sum=718 count=477

Mon 20:05: x=239 y=478 controller=1 a=3 sum=720 count=478

Mon 20:05: x=239 y=479 controller=0 a=3 sum=721 count=479

Mon 20:05: x=240 y=480 controller=1 a=3 sum=723 count=480

Mon 20:05: x=240 y=481 controller=0 a=3 sum=724 count=481

Mon 20:05: x=241 y=482 controller=1 a=3 sum=726 count=482

Mon 20:05: x=241 y=483 controller=0 a=3 sum=727 count=483

Mon 20:05: x=242 y=484 controller=1 a=3 sum=729 count=484

Mon 20:05: x=242 y=485 controller=0 a=3 sum=730 count=485

Mon 20:05: x=243 y=486 controller=1 a=3 sum=732 count=486

Mon 20:05: x=243 y=487 controller=0 a=3 sum=733 count=487

Mon 20:05: x=244 y=488 controller=1 a=3 sum=735 count=488

Mon 20:05: x=244 y=489 controller=0 a=3 sum=736 count=489

Mon 20:05: x=245 y=490 controller=1 a=3 sum=738 count=490

Mon 20:05: x=245 y=491 controller=0 a=3 sum=739 count=491

Mon 20:05: x=246 y=492 controller=1 a=3 sum=741 count=492

Mon 20:05: x=246 y=493 controller=0 a=3 sum=742 count=493

Mon 20:05: x=247 y=494 controller=1 a=3 sum=744 count=494

Mon 20:05: x=247 y=495 controller=0 a=3 sum=745 count=495

Mon 20:05: x=248 y=496 controller=1 a=3 sum=747 count=496

Mon 20:05: x=248 y=497 controller=0 a=3 sum=748 count=497

Mon 20:05: x=249 y=498 controller=1 a=3 sum=750 count=498

Mon 20:05: x=249 y=499 controller=0 a=3 sum=751 count=499

Mon 20:05: x=250 y=500 controller=1 a=3 sum=753 count=500

Mon 20:05: x=250 y=501 controller=0 a=3 sum=754 count=501

Mon 20:05: x=251 y=502 controller=1 a=3 sum=756 count=502

Mon 20:05: x=251 y=503 controller=0 a=3 sum=757 count=503

Mon 20:05: x=252 y=504 controller=1 a=3 sum=759 count=504

Mon 20:05: x=252 y=505 controller=0 a=3 sum=760 count=505

Mon 20:05: x=253 y=506 controller=1 a=3 sum=762 count=506

Mon 20:05: x=253 y=507 controller=0 a=3 sum=763 count=507

Mon 20:05: x=254 y=508 controller=1 a=3 sum=765 count=508

Mon 20:05: x=254 y=509 controller=0 a=3 sum=766 count=509

Mon 20:05: x=255 y=510 controller=1 a=3 sum=768 count=510

Mon 20:05: x=255 y=511 controller=0 a=3 sum=769 count=511

Mon 20:05: x=256 y=512 controller=1 a=3 sum=771 count=512

Mon 20:05: x=256 y=513 controller=0 a=3 sum=772 count=513

Mon 20:05: x=257 y=514 controller=1 a=3 sum=774 count=514

Mon 20:05: x=257 y=515 controller=0 a=3 sum=775 count=515

Mon 20:05: x=258 y=516 controller=1 a=3 sum=777 count=516

Mon 20:05: x=258 y=517 controller=0 a=3 sum=778 count=517

Mon 20:05: x=259 y=518 controller=1 a=3 sum=780 count=518

Mon 20:05: x=259 y=519 controller=0 a=3 sum=781 count=519

Mon 20:05: x=260 y=520 controller=1 a=3 sum=783 count=520

Mon 20:05: x=260 y=521 controller=0 a=3 sum=784 count=521

Mon 20:05: x=261 y=522 controller=1 a=3 sum=786 count=522

Mon 20:05: x=261 y=523 controller=0 a=3 sum=787 count=523

Mon 20:05: x=262 y=524 controller=1 a=3 sum=789 count=524

Mon 20:05: x=262 y=525 controller=0 a=3 sum=790 count=525

Mon 20:05: x=263 y=526 controller=1 a=3 sum=792 count=526

Mon 20:05: x=263 y=527 controller=0 a=3 sum=793 count=527

Mon 20:05: x=264 y=528 controller=1 a=3 sum=795 count=528

Mon 20:05: x=264 y=529 controller=0 a=3 sum=796 count=529

Mon 20:05: x=265 y=530 controller=1 a=3 sum=798 count=530

Mon 20:05: x=265 y=531 controller=0 a=3 sum=799 count=531

Mon 20:05: x=266 y=532 controller=1 a=3 sum=801 count=532

Mon 20:05: x=266 y=533 controller=0 a=3 sum=802 count=533

Mon 20:05: x=267 y=534 controller=1 a=3 sum=804 count=534

Mon 20:05: x=267 y=535 controller=0 a=3 sum=805 count=535

Mon 20:05: x=268 y=536 controller=1 a=3 sum=807 count=536

Mon 20:05: x=268 y=537 controller=0 a=3 sum=808 count=537

Mon 20:05: x=269 y=538 controller=1 a=3 sum=810 count=538

Mon 20:05: x=269 y=539 controller=0 a=3 sum=811 count=539

Mon 20:05: x=270 y=540 controller=1 a=3 sum=813 count=540

Mon 20:05: x=270 y=541 controller=0 a=3 sum=814 count=541

Mon 20:05: x=271 y=542 controller=1 a=3 sum=816 count=542

Mon 20:05: x=271 y=543 controller=0 a=3 sum=817 count=543

Mon 20:05: x=272 y=544 controller=1 a=3 sum=819 count=544

Mon 20:05: x=272 y=545 controller=0 a=3 sum=820 count=545

Mon 20:05: x=273 y=546 controller=1 a=3 sum=822 count=546

Mon 20:05: x=273 y=547 controller=0 a=3 sum=823 count=547

Mon 20:05: x=274 y=548 controller=1 a=3 sum=825 count=548

Mon 20:05: x=274 y=549 controller=0 a=3 sum=826 count=549

Mon 20:05: x=275 y=550 controller=1 a=3 sum=828 count=550

Mon 20:05: x=275 y=551 controller=0 a=3 sum=829 count=551

Mon 20:05: x=276 y=552 controller=1 a=3 sum=831 count=552

Mon 20:05: x=276 y=553 controller=0 a=3 sum=832 count=553

Mon 20:05: x=277 y=554 controller=1 a=3 sum=834 count=554


Mon 20:05: x=277 y=555 controller=0 a=3 sum=835 count=555

Mon 20:05: x=278 y=556 controller=1 a=3 sum=837 count=556

Mon 20:05: x=278 y=557 controller=0 a=3 sum=838 count=557

Mon 20:05: x=279 y=558 controller=1 a=3 sum=840 count=558

Mon 20:05: x=279 y=559 controller=0 a=3 sum=841 count=559

Mon 20:05: x=280 y=560 controller=1 a=3 sum=843 count=560

Mon 20:05: x=280 y=561 controller=0 a=3 sum=844 count=561

Mon 20:05: x=281 y=562 controller=1 a=3 sum=846 count=562

Mon 20:05: x=281 y=563 controller=0 a=3 sum=847 count=563

Mon 20:05: x=282 y=564 controller=1 a=3 sum=849 count=564

Mon 20:05: x=282 y=565 controller=0 a=3 sum=850 count=565

Mon 20:05: x=283 y=566 controller=1 a=3 sum=852 count=566

Mon 20:05: x=283 y=567 controller=0 a=3 sum=853 count=567

Mon 20:05: x=284 y=568 controller=1 a=3 sum=855 count=568

Mon 20:05: x=284 y=569 controller=0 a=3 sum=856 count=569

Mon 20:05: x=285 y=570 controller=1 a=3 sum=858 count=570

Mon 20:05: x=285 y=571 controller=0 a=3 sum=859 count=571

Mon 20:05: x=286 y=572 controller=1 a=3 sum=861 count=572

Mon 20:05: x=286 y=573 controller=0 a=3 sum=862 count=573

Mon 20:05: x=287 y=574 controller=1 a=3 sum=864 count=574

Mon 20:05: x=287 y=575 controller=0 a=3 sum=865 count=575

Mon 20:05: x=288 y=576 controller=1 a=3 sum=867 count=576

Mon 20:05: x=288 y=577 controller=0 a=3 sum=868 count=577

Mon 20:05: x=289 y=578 controller=1 a=3 sum=870 count=578

Mon 20:05: x=289 y=579 controller=0 a=3 sum=871 count=579

Mon 20:05: x=290 y=580 controller=1 a=3 sum=873 count=580

Mon 20:05: x=290 y=581 controller=0 a=3 sum=874 count=581

Mon 20:05: x=291 y=582 controller=1 a=3 sum=876 count=582

Mon 20:05: x=291 y=583 controller=0 a=3 sum=877 count=583

Mon 20:05: x=292 y=584 controller=1 a=3 sum=879 count=584

Mon 20:05: x=292 y=585 controller=0 a=3 sum=880 count=585

Mon 20:05: x=293 y=586 controller=1 a=3 sum=882 count=586

Mon 20:05: x=293 y=587 controller=0 a=3 sum=883 count=587

Mon 20:05: x=294 y=588 controller=1 a=3 sum=885 count=588

Mon 20:05: x=294 y=589 controller=0 a=3 sum=886 count=589

Mon 20:05: x=295 y=590 controller=1 a=3 sum=888 count=590

Mon 20:05: x=295 y=591 controller=0 a=3 sum=889 count=591

Mon 20:05: x=296 y=592 controller=1 a=3 sum=891 count=592

Mon 20:05: x=296 y=593 controller=0 a=3 sum=892 count=593

Mon 20:05: x=297 y=594 controller=1 a=3 sum=894 count=594

Mon 20:05: x=297 y=595 controller=0 a=3 sum=895 count=595

Mon 20:05: x=298 y=596 controller=1 a=3 sum=897 count=596

Mon 20:05: x=298 y=597 controller=0 a=3 sum=898 count=597

Mon 20:05: x=299 y=598 controller=1 a=3 sum=900 count=598

Mon 20:05: x=299 y=599 controller=0 a=3 sum=901 count=599

Mon 20:05: x=300 y=600 controller=1 a=3 sum=903 count=600

Mon 20:05: x=300 y=601 controller=0 a=3 sum=904 count=601

Mon 20:05: x=301 y=602 controller=1 a=3 sum=906 count=602

Mon 20:05: x=301 y=603 controller=0 a=3 sum=907 count=603

Mon 20:05: x=302 y=604 controller=1 a=3 sum=909 count=604

Mon 20:05: x=302 y=605 controller=0 a=3 sum=910 count=605

Mon 20:05: x=303 y=606 controller=1 a=3 sum=912 count=606

Mon 20:05: x=303 y=607 controller=0 a=3 sum=913 count=607

Mon 20:05: x=304 y=608 controller=1 a=3 sum=915 count=608

Mon 20:05: x=304 y=609 controller=0 a=3 sum=916 count=609

Mon 20:05: x=305 y=610 controller=1 a=3 sum=918 count=610

Mon 20:05: x=305 y=611 controller=0 a=3 sum=919 count=611

Mon 20:05: x=306 y=612 controller=1 a=3 sum=921 count=612

Mon 20:05: x=306 y=613 controller=0 a=3 sum=922 count=613

Mon 20:05: x=307 y=614 controller=1 a=3 sum=924 count=614

Mon 20:05: x=307 y=615 controller=0 a=3 sum=925 count=615

Mon 20:05: x=308 y=616 controller=1 a=3 sum=927 count=616

Mon 20:05: x=308 y=617 controller=0 a=3 sum=928 count=617

Mon 20:05: x=309 y=618 controller=1 a=3 sum=930 count=618

Mon 20:05: x=309 y=619 controller=0 a=3 sum=931 count=619

Mon 20:05: x=310 y=620 controller=1 a=3 sum=933 count=620

Mon 20:05: x=310 y=621 controller=0 a=3 sum=934 count=621

Mon 20:05: x=311 y=622 controller=1 a=3 sum=936 count=622

Mon 20:05: x=311 y=623 controller=0 a=3 sum=937 count=623

Mon 20:05: x=312 y=624 controller=1 a=3 sum=939 count=624

Mon 20:05: x=312 y=625 controller=0 a=3 sum=940 count=625

Mon 20:05: x=313 y=626 controller=1 a=3 sum=942 count=626

Mon 20:05: x=313 y=627 controller=0 a=3 sum=943 count=627

Mon 20:05: x=314 y=628 controller=1 a=3 sum=945 count=628

Mon 20:05: x=314 y=629 controller=0 a=3 sum=946 count=629

Mon 20:05: x=315 y=630 controller=1 a=3 sum=948 count=630

Mon 20:05: x=315 y=631 controller=0 a=3 sum=949 count=631

Mon 20:05: x=316 y=632 controller=1 a=3 sum=951 count=632

Mon 20:05: x=316 y=633 controller=0 a=3 sum=952 count=633

Mon 20:05: x=317 y=634 controller=1 a=3 sum=954 count=634

Mon 20:05: x=317 y=635 controller=0 a=3 sum=955 count=635

Mon 20:05: x=318 y=636 controller=1 a=3 sum=957 coun
Mon 20:05: t=636

Mon 20:05: x=318 y=637 controller=0 a=3 sum=958 count=637

Mon 20:05: x=319 y=638 controller=1 a=3 sum=960 count=638

Mon 20:05: x=319 y=639 controller=0 a=3 sum=961 count=639

Mon 20:05: x=320 y=640 controller=1 a=3 sum=963 count=640

Mon 20:05: x=320 y=641 controller=0 a=3 sum=964 count=641

Mon 20:05: x=321 y=642 controller=1 a=3 sum=966 count=642

Mon 20:05: x=321 y=643 controller=0 a=3 sum=967 count=643

Mon 20:05: x=322 y=644 controller=1 a=3 sum=969 count=644

Mon 20:05: x=322 y=645 controller=0 a=3 sum=970 count=645

Mon 20:05: x=323 y=646 controller=1 a=3 sum=972 count=646

Mon 20:05: x=323 y=647 controller=0 a=3 sum=973 count=647

Mon 20:05: x=324 y=648 controller=1 a=3 sum=975 count=648

Mon 20:05: x=324 y=649 controller=0 a=3 sum=976 count=649

Mon 20:05: x=325 y=650 controller=1 a=3 sum=978 count=650

Mon 20:05: x=325 y=651 controller=0 a=3 sum=979 count=651

Mon 20:05: x=326 y=652 controller=1 a=3 sum=981 count=652

Mon 20:05: x=326 y=653 controller=0 a=3 sum=982 count=653

Mon 20:05: x=327 y=654 controller=1 a=3 sum=984 count=654

Mon 20:05: x=327 y=655 controller=0 a=3 sum=985 count=655

Mon 20:05: x=328 y=656 controller=1 a=3 sum=987 count=656

Mon 20:05: x=328 y=657 controller=0 a=3 sum=988 count=657

Mon 20:05: x=329 y=658 controller=1 a=3 sum=990 count=658

Mon 20:05: x=329 y=659 controller=0 a=3 sum=991 count=659

Mon 20:05: x=330 y=660 controller=1 a=3 sum=993 count=660

Mon 20:05: x=330 y=661 controller=0 a=3 sum=994 count=661

Mon 20:05: x=331 y=662 controller=1 a=3 sum=996 count=662

Mon 20:05: x=331 y=663 controller=0 a=3 sum=997 count=663

Mon 20:05: x=332 y=664 controller=1 a=3 sum=999 count=664

Mon 20:05: x=332 y=665 controller=0 a=3 sum=1000 count=665

Mon 20:05: x=333 y=666 controller=1 a=3 sum=1002 count=666

Mon 20:05: x=333 y=667 controller=0 a=3 sum=1003 count=667

Mon 20:05: x=334 y=668 controller=1 a=3 sum=1005 count=668

Mon 20:05: x=334 y=669 controller=0 a=3 sum=1006 count=669

Mon 20:05: x=335 y=670 controller=1 a=3 sum=1008 count=670

Mon 20:05: x=335 y=671 controller=0 a=3 sum=1009 count=671

Mon 20:05: x=336 y=672 controller=1 a=3 sum=1011 count=672

Mon 20:05: x=336 y=673 controller=0 a=3 sum=1012 count=673

Mon 20:05: x=337 y=674 controller=1 a=3 sum=1014 count=674

Mon 20:05: x=337 y=675 controller=0 a=3 sum=1015 count=675

Mon 20:05: x=338 y=676 controller=1 a=3 sum=1017 count=676

Mon 20:05: x=338 y=677 controller=0 a=3 sum=1018 count=677

Mon 20:05: x=339 y=678 controller=1 a=3 sum=1020 count=678

Mon 20:05: x=339 y=679 controller=0 a=3 sum=1021 count=679

Mon 20:05: x=340 y=680 controller=1 a=3 sum=1023 count=680

Mon 20:05: x=340 y=681 controller=0 a=3 sum=1024 count=681

Mon 20:05: x=341 y=682 controller=1 a=3 sum=1026 count=682

Mon 20:05: x=341 y=683 controller=0 a=3 sum=1027 count=683

Mon 20:05: x=342 y=684 controller=1 a=3 sum=1029 count=684

Mon 20:05: x=342 y=685 controller=0 a=3 sum=1030 count=685

Mon 20:05: x=343 y=686 controller=1 a=3 sum=1032 count=686

Mon 20:05: x=343 y=687 controller=0 a=3 sum=1033 count=687

Mon 20:05: x=344 y=688 controller=1 a=3 sum=1035 count=688

Mon 20:05: x=344 y=689 controller=0 a=3 sum=1036 count=689

Mon 20:05: x=345 y=690 controller=1 a=3 sum=1038 count=690

Mon 20:05: x=345 y=691 controller=0 a=3 sum=1039 count=691

Mon 20:05: x=346 y=692 controller=1 a=3 sum=1041 count=692

Mon 20:05: x=346 y=693 controller=0 a=3 sum=1042 count=693

Mon 20:05: x=347 y=694 controller=1 a=3 sum=1044 count=694

Mon 20:05: x=347 y=695 controller=0 a=3 sum=1045 count=695

Mon 20:05: x=348 y=696 controller=1 a=3 sum=1047 count=696

Mon 20:05: x=348 y=697 controller=0 a=3 sum=1048 count=697

Mon 20:05: x=349 y=698 controller=1 a=3 sum=1050 count=698

Mon 20:05: x=349 y=699 controller=0 a=3 sum=1051 count=699

Mon 20:05: x=350 y=700 controller=1 a=3 sum=1053 count=700

Mon 20:05: x=350 y=701 controller=0 a=3 sum=1054 count=701

Mon 20:05: x=351 y=702 controller=1 a=3 sum=1056 count=702

Mon 20:05: x=351 y=703 controller=0 a=3 sum=1057 count=703

Mon 20:05: x=352 y=704 controller=1 a=3 sum=1059 count=704

Mon 20:05: x=352 y=705 controller=0 a=3 sum=1060 count=705

Mon 20:05: x=353 y=706 controller=1 a=3 sum=1062 count=706

Mon 20:05: x=353 y=707 controller=0 a=3 sum=1063 count=707

Mon 20:05: x=354 y=708 controller=1 a=3 sum=1065 count=708

Mon 20:05: x=354 y=709 controller=0 a=3 sum=1066 count=709

Mon 20:05: x=355 y=710 controller=1 a=3 sum=1068 count=710

Mon 20:05: x=355 y=711 controller=0 a=3 sum=1069 count=711

Mon 20:05: x=356 y=712 controller=1 a=3 sum=1071 count=712

Mon 20:05: x=356 y=713 controller=0 a=3 sum=1072 count=713

Mon 20:05: x=357 y=714 controller=1 a=3 sum=1074 count=714

Mon 20:05: x=357 y=715 controller=0 a=3 sum=1075 count=715

Mon 20:05: x=358 y=716 controller=1 a=3 sum=1077 count=716

Mon 20:05: x=358 y=717 controller=0 a=3 sum=1
Mon 20:05: 078 count=717

Mon 20:05: x=359 y=718 controller=1 a=3 sum=1080 count=718

Mon 20:05: x=359 y=719 controller=0 a=3 sum=1081 count=719

Mon 20:05: x=360 y=720 controller=1 a=3 sum=1083 count=720

Mon 20:05: x=360 y=721 controller=0 a=3 sum=1084 count=721

Mon 20:05: x=361 y=722 controller=1 a=3 sum=1086 count=722

Mon 20:05: x=361 y=723 controller=0 a=3 sum=1087 count=723

Mon 20:05: x=362 y=724 controller=1 a=3 sum=1089 count=724

Mon 20:05: x=362 y=725 controller=0 a=3 sum=1090 count=725

Mon 20:05: x=363 y=726 controller=1 a=3 sum=1092 count=726

Mon 20:05: x=363 y=727 controller=0 a=3 sum=1093 count=727

Mon 20:05: x=364 y=728 controller=1 a=3 sum=1095 count=728

Mon 20:05: x=364 y=729 controller=0 a=3 sum=1096 count=729

Mon 20:05: x=365 y=730 controller=1 a=3 sum=1098 count=730

Mon 20:05: x=365 y=731 controller=0 a=3 sum=1099 count=731

Mon 20:05: x=366 y=732 controller=1 a=3 sum=1101 count=732

Mon 20:05: x=366 y=733 controller=0 a=3 sum=1102 count=733

Mon 20:05: x=367 y=734 controller=1 a=3 sum=1104 count=734

Mon 20:05: x=367 y=735 controller=0 a=3 sum=1105 count=735

Mon 20:05: x=368 y=736 controller=1 a=3 sum=1107 count=736

Mon 20:05: x=368 y=737 controller=0 a=3 sum=1108 count=737

Mon 20:05: x=369 y=738 controller=1 a=3 sum=1110 count=738

Mon 20:05: x=369 y=739 controller=0 a=3 sum=1111 count=739

Mon 20:05: x=370 y=740 controller=1 a=3 sum=1113 count=740

Mon 20:05: x=370 y=741 controller=0 a=3 sum=1114 count=741

Mon 20:05: x=371 y=742 controller=1 a=3 sum=1116 count=742

Mon 20:05: x=371 y=743 controller=0 a=3 sum=1117 count=743

Mon 20:05: x=372 y=744 controller=1 a=3 sum=1119 count=744

Mon 20:05: x=372 y=745 controller=0 a=3 sum=1120 count=745

Mon 20:05: x=373 y=746 controller=1 a=3 sum=1122 count=746

Mon 20:05: x=373 y=747 controller=0 a=3 sum=1123 count=747

Mon 20:05: x=374 y=748 controller=1 a=3 sum=1125 count=748

Mon 20:05: x=374 y=749 controller=0 a=3 sum=1126 count=749

Mon 20:05: x=375 y=750 controller=1 a=3 sum=1128 count=750

Mon 20:05: x=375 y=751 controller=0 a=3 sum=1129 count=751

Mon 20:05: x=376 y=752 controller=1 a=3 sum=1131 count=752

Mon 20:05: x=376 y=753 controller=0 a=3 sum=1132 count=753

Mon 20:05: x=377 y=754 controller=1 a=3 sum=1134 count=754

Mon 20:05: x=377 y=755 controller=0 a=3 sum=1135 count=755

Mon 20:05: x=378 y=756 controller=1 a=3 sum=1137 count=756

Mon 20:05: x=378 y=757 controller=0 a=3 sum=1138 count=757

Mon 20:05: x=379 y=758 controller=1 a=3 sum=1140 count=758

Mon 20:05: x=379 y=759 controller=0 a=3 sum=1141 count=759

Mon 20:05: x=380 y=760 controller=1 a=3 sum=1143 count=760

Mon 20:05: x=380 y=761 controller=0 a=3 sum=1144 count=761

Mon 20:05: x=381 y=762 controller=1 a=3 sum=1146 count=762

Mon 20:05: x=381 y=763 controller=0 a=3 sum=1147 count=763

Mon 20:05: x=382 y=764 controller=1 a=3 sum=1149 count=764

Mon 20:05: x=382 y=765 controller=0 a=3 sum=1150 count=765

Mon 20:05: x=383 y=766 controller=1 a=3 sum=1152 count=766

Mon 20:05: x=383 y=767 controller=0 a=3 sum=1153 count=767

Mon 20:05: 3

Mon 20:05: 6

Mon 20:05: 9

Mon 20:05: 12

Mon 20:05: 15

Mon 20:05: 18

Mon 20:05: 21

Mon 20:05: 24

Mon 20:05: 27

Mon 20:05: 30

Mon 20:05: 33

Mon 20:05: 36

Mon 20:05: 39

Mon 20:05: 42

Mon 20:05: 45

Mon 20:05: 48

Mon 20:05: 51

Mon 20:05: 54

Mon 20:05: 57

Mon 20:05: 60

Mon 20:05: 63

Mon 20:05: 66

Mon 20:05: 69

Mon 20:05: 72

Mon 20:05: 75

Mon 20:05: 78

Mon 20:05: 81

Mon 20:05: 84

Mon 20:05: 87

Mon 20:05: 90

Mon 20:05: 93

Mon 20:05: 96

Mon 20:05: 99

Mon 20:05: 102

Mon 20:05: 105

Mon 20:05: 108

Mon 20:05: 111

Mon 20:05: 114

Mon 20:05: 117

Mon 20:05: 120

Mon 20:05: 123

Mon 20:05: 126

Mon 20:05: 129

Mon 20:05: 132

Mon 20:05: 135

Mon 20:05: 138

Mon 20:05: 141

Mon 20:05: 144

Mon 20:05: 147

Mon 20:05: 150

Mon 20:05: 153

Mon 20:05: 156

Mon 20:05: 159

Mon 20:05: 162

Mon 20:05: 165

Mon 20:05: 168

Mon 20:05: 171

Mon 20:05: 174

Mon 20:05: 177

Mon 20:05: 180

Mon 20:05: 183

Mon 20:05: 186

Mon 20:05: 189

Mon 20:05: 192

Mon 20:05: 195

Mon 20:05: 198

Mon 20:05: 201

Mon 20:05: 204

Mon 20:05: 207

Mon 20:05: 210

Mon 20:05: 213

Mon 20:05: 216

Mon 20:05: 219

Mon 20:05: 222

Mon 20:05: 225

Mon 20:05: 228

Mon 20:05: 231

Mon 20:05: 234

Mon 20:05: 237

Mon 20:05: 240

Mon 20:05: 243

Mon 20:05: 246

Mon 20:05: 249

Mon 20:05: 252

Mon 20:05: 255

Mon 20:05: 258

Mon 20:05: 261

Mon 20:05: 264

Mon 20:05: 267

Mon 20:05: 270

Mon 20:05: 273

Mon 20:05: 276

Mon 20:05: 279

Mon 20:05: 282

Mon 20:05: 285

Mon 20:05: 288

Mon 20:05: 291

Mon 20:05: 294

Mon 20:05: 297

Mon 20:05: 300

Mon 20:05: 303

Mon 20:05: 306

Mon 20:05: 309

Mon 20:05: 312

Mon 20:05: 315

Mon 20:05: 318

Mon 20:05: 321

Mon 20:05: 324

Mon 20:05: 327

Mon 20:05: 330

Mon 20:05: 333

Mon 20:05: 336

Mon 20:05: 339

Mon 20:05: 342

Mon 20:05: 345

Mon 20:05: 348

Mon 20:05: 351

Mon 20:05: 354

Mon 20:05: 357

Mon 20:05: 360

Mon 20:05: 363

Mon 20:05: 366

Mon 20:05: 369

Mon 20:05: 372

Mon 20:05: 375

Mon 20:05: 378

Mon 20:05: 381

Mon 20:05: 384

Mon 20:05: 387

Mon 20:05: 390

Mon 20:05: 393

Mon 20:05: 396

Mon 20:05: 399

Mon 20:05: 402

Mon 20:05: 405

Mon 20:05: 408

Mon 20:05: 411

Mon 20:05: 414

Mon 20:05: 417

Mon 20:05: 420

Mon 20:05: 423

Mon 20:05: 426

Mon 20:05: 429

Mon 20:05: 432

Mon 20:05: 435

Mon 20:05: 438

Mon 20:05: 441

Mon 20:05: 444

Mon 20:05: 447

Mon 20:05: 450

Mon 20:05: 453

Mon 20:05: 456

Mon 20:05: 459

Mon 20:05: 462

Mon 20:05: 465

Mon 20:05: 468

Mon 20:05: 471

Mon 20:05: 474

Mon 20:05: 477

Mon 20:05: 480

Mon 20:05: 483

Mon 20:05: 486

Mon 20:05: 489

Mon 20:05: 492

Mon 20:05: 495

Mon 20:05: 498

Mon 20:05: 501

Mon 20:05: 504

Mon 20:05: 507

Mon 20:05: 510

Mon 20:05: 513

Mon 20:05: 516

Mon 20:05: 519

Mon 20:05: 522

Mon 20:05: 525

Mon 20:05: 528

Mon 20:05: 531

Mon 20:05: 534

Mon 20:05: 537

Mon 20:05: 540

Mon 20:05: 543

Mon 20:05: 546

Mon 20:05: 549

Mon 20:05: 552

Mon 20:05: 555

Mon 20:05: 558

Mon 20:05: 561

Mon 20:05: 564

Mon 20:05: 567

Mon 20:05: 570

Mon 20:05: 573

Mon 20:05: 576

Mon 20:05: 579

Mon 20:05: 582

Mon 20:05: 585

Mon 20:05: 588

Mon 20:05: 591

Mon 20:05: 594

Mon 20:05: 597

Mon 20:05: 600

Mon 20:05: 603

Mon 20:05: 606

Mon 20:05: 609

Mon 20:05: 612

Mon 20:05: 615

Mon 20:05: 618

Mon 20:05: 621

Mon 20:05: 624

Mon 20:05: 627

Mon 20:05: 630

Mon 20:05: 633

Mon 20:05: 636

Mon 20:05: 639

Mon 20:05: 642

Mon 20:05: 645

Mon 20:05: 648

Mon 20:05: 651

Mon 20:05: 654

Mon 20:05: 657

Mon 20:05: 660

Mon 20:05: 663

Mon 20:05: 666

Mon 20:05: 669

Mon 20:05: 672


Mon 20:05: 675

Mon 20:05: 678

Mon 20:05: 681

Mon 20:05: 684

Mon 20:05: 687

Mon 20:05: 690

Mon 20:05: 693

Mon 20:05: 696

Mon 20:05: 699

Mon 20:05: 702

Mon 20:05: 705

Mon 20:05: 708

Mon 20:05: 711

Mon 20:05: 714

Mon 20:05: 717

Mon 20:05: 720

Mon 20:05: 723

Mon 20:05: 726

Mon 20:05: 729

Mon 20:05: 732

Mon 20:05: 735

Mon 20:05: 738

Mon 20:05: 741

Mon 20:05: 744

Mon 20:05: 747

Mon 20:05: 750

Mon 20:05: 753

Mon 20:05: 756

Mon 20:05: 759

Mon 20:05: 762

Mon 20:05: 765

Mon 20:05: 768

Mon 20:05: 771

Mon 20:05: 774

Mon 20:05: 777

Mon 20:05: 780

Mon 20:05: 783

Mon 20:05: 786

Mon 20:05: 789

Mon 20:05: 792

Mon 20:05: 795

Mon 20:05: 798

Mon 20:05: 801

Mon 20:05: 804

Mon 20:05: 807

Mon 20:05: 810

Mon 20:05: 813

Mon 20:05: 816

Mon 20:05: 819

Mon 20:05: 822

Mon 20:05: 825

Mon 20:05: 828

Mon 20:05: 831

Mon 20:05: 834

Mon 20:05: 837

Mon 20:05: 840

Mon 20:05: 843

Mon 20:05: 846

Mon 20:05: 849

Mon 20:05: 852

Mon 20:05: 855

Mon 20:05: 858

Mon 20:05: 861

Mon 20:05: 864

Mon 20:05: 867

Mon 20:05: 870

Mon 20:05: 873

Mon 20:05: 876

Mon 20:05: 879

Mon 20:05: 882

Mon 20:05: 885

Mon 20:05: 888

Mon 20:05: 891

Mon 20:05: 894

Mon 20:05: 897

Mon 20:05: 900

Mon 20:05: 903

Mon 20:05: 906

Mon 20:05: 909

Mon 20:05: 912

Mon 20:05: 915

Mon 20:05: 918

Mon 20:05: 921

Mon 20:05: 924

Mon 20:05: 927

Mon 20:05: 930

Mon 20:05: 933

Mon 20:05: 936

Mon 20:05: 939

Mon 20:05: 942

Mon 20:05: 945

Mon 20:05: 948

Mon 20:05: 951

Mon 20:05: 954

Mon 20:05: 957

Mon 20:05: 960

Mon 20:05: 963

Mon 20:05: 966

Mon 20:05: 969

Mon 20:05: 972

Mon 20:05: 975

Mon 20:05: 978

Mon 20:05: 981

Mon 20:05: 984

Mon 20:05: 987

Mon 20:05: 990

Mon 20:05: 993

Mon 20:05: 996

Mon 20:05: 999

Mon 20:05: 1002

Mon 20:05: 1005

Mon 20:05: 1008

Mon 20:05: 1011

Mon 20:05: 1014

Mon 20:05: 1017

Mon 20:05: 1020

Mon 20:05: 1023

Mon 20:05: 1026

Mon 20:05: 1029

Mon 20:05: 1032

Mon 20:05: 1035

Mon 20:05: 1038

Mon 20:05: 1041

Mon 20:05: 1044

Mon 20:05: 1047

Mon 20:05: 1050

Mon 20:05: 1053

Mon 20:05: 1056

Mon 20:05: 1059

Mon 20:05: 1062

Mon 20:05: 1065

Mon 20:05: 1068

Mon 20:05: 1071

Mon 20:05: 1074

Mon 20:05: 1077

Mon 20:05: 1080

Mon 20:05: 1083

Mon 20:05: 1086

Mon 20:05: 1089

Mon 20:05: 1092

Mon 20:05: 1095

Mon 20:05: 1098

Mon 20:05: 1101

Mon 20:05: 1104

Mon 20:05: 1107

Mon 20:05: 1110

Mon 20:05: 1113

Mon 20:05: 1116

Mon 20:05: 1119

Mon 20:05: 1122

Mon 20:05: 1125

Mon 20:05: 1128

Mon 20:05: 1131

Mon 20:05: 1134

Mon 20:05: 1137

Mon 20:05: 1140

Mon 20:05: 1143

Mon 20:05: 1146

Mon 20:05: 1149

Mon 20:05: 1152
Mon 20:05: Done.
