Reading model section from scheduler.mod...
90 lines were read
Reading data section from RTMKernel_scheduler_2_C.dat...
721 lines were read
Generating schedulingEquation...
Generating bufferingEquation...
Generating afterFlushNode...
Generating forcePairConstraints...
Generating autoVarLatencyUserMin...
Generating autoVarLatencyUserMax...
Generating fifos...
Model has been successfully generated
ipp_basic_tech:  1 row(s) and 1 column(s) removed
ipp_reduce_bnds: 1 pass(es) made, 0 bound(s) reduced
ipp_basic_tech:  0 row(s) and 0 column(s) removed
ipp_reduce_coef: 1 pass(es) made, 0 coefficient(s) reduced
lpx_intopt: presolved MIP has 312 rows, 233 columns, 775 non-zeros
lpx_intopt: 233 integer columns, none of which are binary
lpx_adv_basis: size of triangular part = 312
Solving LP relaxation...
      0:   objval =  -1.484900000e+04   infeas =   1.000000000e+00 (0)
    200:   objval =   7.321000000e+03   infeas =   1.223021583e-01 (0)
    218:   objval =   6.768300000e+04   infeas =   0.000000000e+00 (0)
*   218:   objval =   6.768300000e+04   infeas =   0.000000000e+00 (0)
*   262:   objval =   1.237400000e+04   infeas =   0.000000000e+00 (0)
OPTIMAL SOLUTION FOUND
Integer optimization begins...
+   262: mip =     not found yet >=              -inf        (1; 0)
+   262: >>>>>   1.237400000e+04 >=   1.237400000e+04   0.0% (1; 0)
+   262: mip =   1.237400000e+04 >=     tree is empty   0.0% (0; 1)
INTEGER OPTIMAL SOLUTION FOUND
Time used:   0.0 secs
Memory used: 1.0 Mb (1050216 bytes)
Model has been successfully processed
